--- Startup times for process: Primary (or UI client) ---

times in msec
 clock   self+sourced   self:  sourced script
 clock   elapsed:              other lines

000.001  000.001: --- NVIM STARTING ---
000.130  000.130: event init
000.282  000.152: early init
000.864  000.582: locale set
000.905  000.041: init first window
014.664  013.760: inits 1
014.680  000.015: window checked
014.686  000.006: parsing arguments
015.184  000.045  000.045: require('vim.shared')
015.269  000.034  000.034: require('vim.inspect')
015.312  000.036  000.036: require('vim._options')
015.317  000.130  000.060: require('vim._editor')
015.319  000.203  000.029: require('vim._init_packages')
015.321  000.431: init lua interpreter
019.638  004.317: nvim_ui_attach
019.910  000.273: nvim_set_client_info
019.913  000.002: --- NVIM STARTED ---

--- Startup times for process: Embedded ---

times in msec
 clock   self+sourced   self:  sourced script
 clock   elapsed:              other lines

000.000  000.000: --- NVIM STARTING ---
000.106  000.105: event init
000.222  000.116: early init
000.633  000.412: locale set
000.665  000.031: init first window
000.998  000.333: inits 1
001.015  000.018: window checked
001.019  000.004: parsing arguments
001.471  000.039  000.039: require('vim.shared')
001.551  000.033  000.033: require('vim.inspect')
001.592  000.034  000.034: require('vim._options')
001.597  000.124  000.058: require('vim._editor')
001.599  000.191  000.028: require('vim._init_packages')
001.600  000.390: init lua interpreter
004.037  002.436: expanding arguments
004.051  000.015: inits 2
004.265  000.213: init highlight
004.266  000.001: waiting for UI
004.388  000.122: done waiting for UI
004.391  000.003: clear screen
004.516  000.008  000.008: require('vim.keymap')
005.370  000.116  000.116: sourcing nvim_exec2()
005.508  001.115  000.990: require('vim._defaults')
005.510  000.005: init default mappings & autocommands
006.261  000.058  000.058: sourcing /Users/victor.alvarez/code/nvim-macos-arm64/share/nvim/runtime/ftplugin.vim
006.618  000.105  000.105: sourcing /Users/victor.alvarez/code/nvim-macos-arm64/share/nvim/runtime/indent.vim
008.337  000.299  000.299: require('utils')
009.145  001.989  001.691: require('keybinds')
009.539  000.391  000.391: require('settings')
009.944  000.402  000.402: require('lazy')
010.015  000.054  000.054: require('ffi')
010.061  000.028  000.028: require('vim.fs')
010.449  000.386  000.386: require('vim.uri')
010.461  000.444  000.030: require('vim.loader')
011.330  000.847  000.847: require('lazy.stats')
011.725  000.358  000.358: require('lazy.core.util')
012.067  000.340  000.340: require('lazy.core.config')
012.815  000.364  000.364: require('lazy.core.handler')
013.897  000.335  000.335: require('lazy.pkg')
013.901  000.709  000.374: require('lazy.core.meta')
013.907  001.091  000.382: require('lazy.core.plugin')
013.913  001.845  000.390: require('lazy.core.loader')
014.545  000.400  000.400: require('lazy.core.fragments')
018.328  001.641  001.641: require('telescope.builtin')
021.437  000.418  000.418: require('lazy.core.handler.event')
021.439  000.885  000.467: require('lazy.core.handler.ft')
021.849  000.406  000.406: require('lazy.core.handler.cmd')
022.304  000.452  000.452: require('lazy.core.handler.keys')
023.585  000.005  000.005: sourcing nvim_exec2() called at /Users/victor.alvarez/code/dotfiles/nvim/.config/nvim/init.lua:0
023.601  000.002  000.002: sourcing nvim_exec2() called at /Users/victor.alvarez/code/dotfiles/nvim/.config/nvim/init.lua:0
023.933  000.002  000.002: sourcing nvim_exec2() called at /Users/victor.alvarez/code/dotfiles/nvim/.config/nvim/init.lua:0
023.944  000.001  000.001: sourcing nvim_exec2() called at /Users/victor.alvarez/code/dotfiles/nvim/.config/nvim/init.lua:0
023.964  000.001  000.001: sourcing nvim_exec2() called at /Users/victor.alvarez/code/dotfiles/nvim/.config/nvim/init.lua:0
023.973  000.001  000.001: sourcing nvim_exec2() called at /Users/victor.alvarez/code/dotfiles/nvim/.config/nvim/init.lua:0
024.052  000.001  000.001: sourcing nvim_exec2() called at /Users/victor.alvarez/code/dotfiles/nvim/.config/nvim/init.lua:0
024.062  000.001  000.001: sourcing nvim_exec2() called at /Users/victor.alvarez/code/dotfiles/nvim/.config/nvim/init.lua:0
024.224  000.001  000.001: sourcing nvim_exec2() called at /Users/victor.alvarez/code/dotfiles/nvim/.config/nvim/init.lua:0
024.236  000.001  000.001: sourcing nvim_exec2() called at /Users/victor.alvarez/code/dotfiles/nvim/.config/nvim/init.lua:0
024.327  000.001  000.001: sourcing nvim_exec2() called at /Users/victor.alvarez/code/dotfiles/nvim/.config/nvim/init.lua:0
024.344  000.001  000.001: sourcing nvim_exec2() called at /Users/victor.alvarez/code/dotfiles/nvim/.config/nvim/init.lua:0
024.803  000.038  000.038: sourcing nvim_exec2() called at /Users/victor.alvarez/code/nvim-macos-arm64/share/nvim/runtime/filetype.lua:0
024.806  000.176  000.138: sourcing /Users/victor.alvarez/code/nvim-macos-arm64/share/nvim/runtime/filetype.lua
024.819  000.262  000.086: sourcing nvim_exec2() called at /Users/victor.alvarez/code/dotfiles/nvim/.config/nvim/init.lua:0
025.126  000.001  000.001: sourcing nvim_exec2() called at /Users/victor.alvarez/code/dotfiles/nvim/.config/nvim/init.lua:0
025.133  000.001  000.001: sourcing nvim_exec2() called at /Users/victor.alvarez/code/dotfiles/nvim/.config/nvim/init.lua:0
026.212  001.075  001.075: require('kanagawa')
028.665  000.387  000.387: require('kanagawa.utils')
029.183  000.510  000.510: require('kanagawa.colors')
030.557  000.486  000.486: require('kanagawa.lib.hsluv')
030.567  000.899  000.414: require('kanagawa.lib.color')
030.569  001.371  000.471: require('kanagawa.themes')
031.006  000.417  000.417: require('kanagawa.highlights')
031.515  000.507  000.507: require('kanagawa.highlights.editor')
032.038  000.390  000.390: require('kanagawa.highlights.syntax')
032.499  000.448  000.448: require('kanagawa.highlights.treesitter')
032.885  000.377  000.377: require('kanagawa.highlights.lsp')
033.341  000.452  000.452: require('kanagawa.highlights.plugins')
033.946  005.693  000.835: sourcing /Users/victor.alvarez/.local/share/nvim/lazy/kanagawa.nvim/colors/kanagawa.vim
034.039  000.002  000.002: sourcing nvim_exec2() called at /Users/victor.alvarez/code/dotfiles/nvim/.config/nvim/init.lua:0
034.046  000.001  000.001: sourcing nvim_exec2() called at /Users/victor.alvarez/code/dotfiles/nvim/.config/nvim/init.lua:0
035.357  001.307  001.307: require('gruvbox')
035.561  000.001  000.001: sourcing nvim_exec2() called at /Users/victor.alvarez/code/dotfiles/nvim/.config/nvim/init.lua:0
035.572  000.001  000.001: sourcing nvim_exec2() called at /Users/victor.alvarez/code/dotfiles/nvim/.config/nvim/init.lua:0
037.065  000.352  000.352: require('nvim-autopairs._log')
037.443  000.376  000.376: require('nvim-autopairs.utils')
038.626  000.430  000.430: require('nvim-autopairs.conds')
038.634  000.821  000.392: require('nvim-autopairs.rule')
038.637  001.193  000.372: require('nvim-autopairs.rules.basic')
038.648  002.730  000.809: require('nvim-autopairs')
040.180  000.038  000.038: sourcing /Users/victor.alvarez/.local/share/nvim/lazy/nvim-web-devicons/plugin/nvim-web-devicons.vim
040.188  000.336  000.298: sourcing nvim_exec2() called at /Users/victor.alvarez/code/dotfiles/nvim/.config/nvim/init.lua:0
040.195  000.001  000.001: sourcing nvim_exec2() called at /Users/victor.alvarez/code/dotfiles/nvim/.config/nvim/init.lua:0
040.205  000.001  000.001: sourcing nvim_exec2() called at /Users/victor.alvarez/code/dotfiles/nvim/.config/nvim/init.lua:0
040.551  000.001  000.001: sourcing nvim_exec2() called at /Users/victor.alvarez/code/dotfiles/nvim/.config/nvim/init.lua:0
040.558  000.001  000.001: sourcing nvim_exec2() called at /Users/victor.alvarez/code/dotfiles/nvim/.config/nvim/init.lua:0
040.568  000.001  000.001: sourcing nvim_exec2() called at /Users/victor.alvarez/code/dotfiles/nvim/.config/nvim/init.lua:0
040.575  000.001  000.001: sourcing nvim_exec2() called at /Users/victor.alvarez/code/dotfiles/nvim/.config/nvim/init.lua:0
042.779  000.423  000.423: require('lualine_require')
043.833  002.877  002.454: require('lualine')
044.002  000.009  000.009: sourcing nvim_exec2() called at /Users/victor.alvarez/code/dotfiles/nvim/.config/nvim/init.lua:0
046.274  000.009  000.009: sourcing nvim_exec2() called at /Users/victor.alvarez/code/dotfiles/nvim/.config/nvim/init.lua:0
046.286  000.003  000.003: sourcing nvim_exec2() called at /Users/victor.alvarez/code/dotfiles/nvim/.config/nvim/init.lua:0
046.296  000.002  000.002: sourcing nvim_exec2() called at /Users/victor.alvarez/code/dotfiles/nvim/.config/nvim/init.lua:0
046.304  000.002  000.002: sourcing nvim_exec2() called at /Users/victor.alvarez/code/dotfiles/nvim/.config/nvim/init.lua:0
046.312  000.002  000.002: sourcing nvim_exec2() called at /Users/victor.alvarez/code/dotfiles/nvim/.config/nvim/init.lua:0
046.475  000.003  000.003: sourcing nvim_exec2() called at /Users/victor.alvarez/code/dotfiles/nvim/.config/nvim/init.lua:0
046.542  000.003  000.003: sourcing nvim_exec2() called at /Users/victor.alvarez/code/dotfiles/nvim/.config/nvim/init.lua:0
046.550  000.002  000.002: sourcing nvim_exec2() called at /Users/victor.alvarez/code/dotfiles/nvim/.config/nvim/init.lua:0
046.557  000.002  000.002: sourcing nvim_exec2() called at /Users/victor.alvarez/code/dotfiles/nvim/.config/nvim/init.lua:0
046.564  000.002  000.002: sourcing nvim_exec2() called at /Users/victor.alvarez/code/dotfiles/nvim/.config/nvim/init.lua:0
046.573  000.002  000.002: sourcing nvim_exec2() called at /Users/victor.alvarez/code/dotfiles/nvim/.config/nvim/init.lua:0
046.593  000.012  000.012: sourcing nvim_exec2() called at /Users/victor.alvarez/code/dotfiles/nvim/.config/nvim/init.lua:0
046.599  000.002  000.002: sourcing nvim_exec2() called at /Users/victor.alvarez/code/dotfiles/nvim/.config/nvim/init.lua:0
046.606  000.002  000.002: sourcing nvim_exec2() called at /Users/victor.alvarez/code/dotfiles/nvim/.config/nvim/init.lua:0
046.611  000.002  000.002: sourcing nvim_exec2() called at /Users/victor.alvarez/code/dotfiles/nvim/.config/nvim/init.lua:0
046.621  000.007  000.007: sourcing nvim_exec2() called at /Users/victor.alvarez/code/dotfiles/nvim/.config/nvim/init.lua:0
062.484  000.006  000.006: sourcing nvim_exec2() called at /Users/victor.alvarez/code/dotfiles/nvim/.config/nvim/init.lua:0
062.494  000.003  000.003: sourcing nvim_exec2() called at /Users/victor.alvarez/code/dotfiles/nvim/.config/nvim/init.lua:0
062.520  000.003  000.003: sourcing nvim_exec2() called at /Users/victor.alvarez/code/dotfiles/nvim/.config/nvim/init.lua:0
062.530  000.002  000.002: sourcing nvim_exec2() called at /Users/victor.alvarez/code/dotfiles/nvim/.config/nvim/init.lua:0
062.535  000.001  000.001: sourcing nvim_exec2() called at /Users/victor.alvarez/code/dotfiles/nvim/.config/nvim/init.lua:0
062.541  000.002  000.002: sourcing nvim_exec2() called at /Users/victor.alvarez/code/dotfiles/nvim/.config/nvim/init.lua:0
062.547  000.002  000.002: sourcing nvim_exec2() called at /Users/victor.alvarez/code/dotfiles/nvim/.config/nvim/init.lua:0
062.555  000.002  000.002: sourcing nvim_exec2() called at /Users/victor.alvarez/code/dotfiles/nvim/.config/nvim/init.lua:0
062.581  000.003  000.003: sourcing nvim_exec2() called at /Users/victor.alvarez/code/dotfiles/nvim/.config/nvim/init.lua:0
062.588  000.002  000.002: sourcing nvim_exec2() called at /Users/victor.alvarez/code/dotfiles/nvim/.config/nvim/init.lua:0
062.641  000.002  000.002: sourcing nvim_exec2() called at /Users/victor.alvarez/code/dotfiles/nvim/.config/nvim/init.lua:0
062.688  000.002  000.002: sourcing nvim_exec2() called at /Users/victor.alvarez/code/dotfiles/nvim/.config/nvim/init.lua:0
062.735  000.001  000.001: sourcing nvim_exec2() called at /Users/victor.alvarez/code/dotfiles/nvim/.config/nvim/init.lua:0
062.779  000.002  000.002: sourcing nvim_exec2() called at /Users/victor.alvarez/code/dotfiles/nvim/.config/nvim/init.lua:0
062.798  000.002  000.002: sourcing nvim_exec2() called at /Users/victor.alvarez/code/dotfiles/nvim/.config/nvim/init.lua:0
062.805  000.002  000.002: sourcing nvim_exec2() called at /Users/victor.alvarez/code/dotfiles/nvim/.config/nvim/init.lua:0
062.809  000.001  000.001: sourcing nvim_exec2() called at /Users/victor.alvarez/code/dotfiles/nvim/.config/nvim/init.lua:0
062.864  000.001  000.001: sourcing nvim_exec2() called at /Users/victor.alvarez/code/dotfiles/nvim/.config/nvim/init.lua:0
062.911  000.001  000.001: sourcing nvim_exec2() called at /Users/victor.alvarez/code/dotfiles/nvim/.config/nvim/init.lua:0
062.917  000.001  000.001: sourcing nvim_exec2() called at /Users/victor.alvarez/code/dotfiles/nvim/.config/nvim/init.lua:0
062.962  000.001  000.001: sourcing nvim_exec2() called at /Users/victor.alvarez/code/dotfiles/nvim/.config/nvim/init.lua:0
063.330  000.008  000.008: sourcing nvim_exec2() called at /Users/victor.alvarez/code/dotfiles/nvim/.config/nvim/init.lua:0
063.339  000.004  000.004: sourcing nvim_exec2() called at /Users/victor.alvarez/code/dotfiles/nvim/.config/nvim/init.lua:0
063.346  000.002  000.002: sourcing nvim_exec2() called at /Users/victor.alvarez/code/dotfiles/nvim/.config/nvim/init.lua:0
063.359  000.003  000.003: sourcing nvim_exec2() called at /Users/victor.alvarez/code/dotfiles/nvim/.config/nvim/init.lua:0
064.303  000.003  000.003: sourcing nvim_exec2() called at /Users/victor.alvarez/code/dotfiles/nvim/.config/nvim/init.lua:0
064.318  000.002  000.002: sourcing nvim_exec2() called at /Users/victor.alvarez/code/dotfiles/nvim/.config/nvim/init.lua:0
064.369  000.002  000.002: sourcing nvim_exec2() called at /Users/victor.alvarez/code/dotfiles/nvim/.config/nvim/init.lua:0
064.375  000.002  000.002: sourcing nvim_exec2() called at /Users/victor.alvarez/code/dotfiles/nvim/.config/nvim/init.lua:0
064.379  000.001  000.001: sourcing nvim_exec2() called at /Users/victor.alvarez/code/dotfiles/nvim/.config/nvim/init.lua:0
064.384  000.001  000.001: sourcing nvim_exec2() called at /Users/victor.alvarez/code/dotfiles/nvim/.config/nvim/init.lua:0
064.388  000.002  000.002: sourcing nvim_exec2() called at /Users/victor.alvarez/code/dotfiles/nvim/.config/nvim/init.lua:0
064.395  000.002  000.002: sourcing nvim_exec2() called at /Users/victor.alvarez/code/dotfiles/nvim/.config/nvim/init.lua:0
064.399  000.001  000.001: sourcing nvim_exec2() called at /Users/victor.alvarez/code/dotfiles/nvim/.config/nvim/init.lua:0
064.403  000.001  000.001: sourcing nvim_exec2() called at /Users/victor.alvarez/code/dotfiles/nvim/.config/nvim/init.lua:0
064.407  000.001  000.001: sourcing nvim_exec2() called at /Users/victor.alvarez/code/dotfiles/nvim/.config/nvim/init.lua:0
064.412  000.001  000.001: sourcing nvim_exec2() called at /Users/victor.alvarez/code/dotfiles/nvim/.config/nvim/init.lua:0
064.416  000.001  000.001: sourcing nvim_exec2() called at /Users/victor.alvarez/code/dotfiles/nvim/.config/nvim/init.lua:0
064.420  000.001  000.001: sourcing nvim_exec2() called at /Users/victor.alvarez/code/dotfiles/nvim/.config/nvim/init.lua:0
064.426  000.001  000.001: sourcing nvim_exec2() called at /Users/victor.alvarez/code/dotfiles/nvim/.config/nvim/init.lua:0
064.430  000.001  000.001: sourcing nvim_exec2() called at /Users/victor.alvarez/code/dotfiles/nvim/.config/nvim/init.lua:0
064.433  000.001  000.001: sourcing nvim_exec2() called at /Users/victor.alvarez/code/dotfiles/nvim/.config/nvim/init.lua:0
064.437  000.001  000.001: sourcing nvim_exec2() called at /Users/victor.alvarez/code/dotfiles/nvim/.config/nvim/init.lua:0
064.441  000.001  000.001: sourcing nvim_exec2() called at /Users/victor.alvarez/code/dotfiles/nvim/.config/nvim/init.lua:0
064.445  000.001  000.001: sourcing nvim_exec2() called at /Users/victor.alvarez/code/dotfiles/nvim/.config/nvim/init.lua:0
064.449  000.002  000.002: sourcing nvim_exec2() called at /Users/victor.alvarez/code/dotfiles/nvim/.config/nvim/init.lua:0
064.454  000.001  000.001: sourcing nvim_exec2() called at /Users/victor.alvarez/code/dotfiles/nvim/.config/nvim/init.lua:0
064.458  000.001  000.001: sourcing nvim_exec2() called at /Users/victor.alvarez/code/dotfiles/nvim/.config/nvim/init.lua:0
064.462  000.001  000.001: sourcing nvim_exec2() called at /Users/victor.alvarez/code/dotfiles/nvim/.config/nvim/init.lua:0
064.465  000.001  000.001: sourcing nvim_exec2() called at /Users/victor.alvarez/code/dotfiles/nvim/.config/nvim/init.lua:0
064.469  000.001  000.001: sourcing nvim_exec2() called at /Users/victor.alvarez/code/dotfiles/nvim/.config/nvim/init.lua:0
064.473  000.001  000.001: sourcing nvim_exec2() called at /Users/victor.alvarez/code/dotfiles/nvim/.config/nvim/init.lua:0
064.477  000.001  000.001: sourcing nvim_exec2() called at /Users/victor.alvarez/code/dotfiles/nvim/.config/nvim/init.lua:0
065.593  000.329  000.329: require('lualine.utils.mode')
065.632  000.008  000.008: sourcing nvim_exec2() called at /Users/victor.alvarez/code/dotfiles/nvim/.config/nvim/init.lua:0
065.663  000.003  000.003: sourcing nvim_exec2() called at /Users/victor.alvarez/code/dotfiles/nvim/.config/nvim/init.lua:0
065.674  000.007  000.007: sourcing nvim_exec2() called at /Users/victor.alvarez/code/dotfiles/nvim/.config/nvim/init.lua:0
065.705  000.004  000.004: sourcing nvim_exec2() called at /Users/victor.alvarez/code/dotfiles/nvim/.config/nvim/init.lua:0
065.713  000.006  000.006: sourcing nvim_exec2() called at /Users/victor.alvarez/code/dotfiles/nvim/.config/nvim/init.lua:0
066.066  000.001  000.001: sourcing nvim_exec2() called at /Users/victor.alvarez/code/dotfiles/nvim/.config/nvim/init.lua:0
066.071  000.001  000.001: sourcing nvim_exec2() called at /Users/victor.alvarez/code/dotfiles/nvim/.config/nvim/init.lua:0
066.378  000.001  000.001: sourcing nvim_exec2() called at /Users/victor.alvarez/code/dotfiles/nvim/.config/nvim/init.lua:0
066.385  000.001  000.001: sourcing nvim_exec2() called at /Users/victor.alvarez/code/dotfiles/nvim/.config/nvim/init.lua:0
066.708  000.001  000.001: sourcing nvim_exec2() called at /Users/victor.alvarez/code/dotfiles/nvim/.config/nvim/init.lua:0
066.751  000.001  000.001: sourcing nvim_exec2() called at /Users/victor.alvarez/code/dotfiles/nvim/.config/nvim/init.lua:0
067.066  000.001  000.001: sourcing nvim_exec2() called at /Users/victor.alvarez/code/dotfiles/nvim/.config/nvim/init.lua:0
067.103  000.001  000.001: sourcing nvim_exec2() called at /Users/victor.alvarez/code/dotfiles/nvim/.config/nvim/init.lua:0
067.397  000.001  000.001: sourcing nvim_exec2() called at /Users/victor.alvarez/code/dotfiles/nvim/.config/nvim/init.lua:0
067.433  000.001  000.001: sourcing nvim_exec2() called at /Users/victor.alvarez/code/dotfiles/nvim/.config/nvim/init.lua:0
067.719  000.001  000.001: sourcing nvim_exec2() called at /Users/victor.alvarez/code/dotfiles/nvim/.config/nvim/init.lua:0
067.756  000.001  000.001: sourcing nvim_exec2() called at /Users/victor.alvarez/code/dotfiles/nvim/.config/nvim/init.lua:0
068.054  000.001  000.001: sourcing nvim_exec2() called at /Users/victor.alvarez/code/dotfiles/nvim/.config/nvim/init.lua:0
068.068  000.001  000.001: sourcing nvim_exec2() called at /Users/victor.alvarez/code/dotfiles/nvim/.config/nvim/init.lua:0
068.694  000.001  000.001: sourcing nvim_exec2() called at /Users/victor.alvarez/code/dotfiles/nvim/.config/nvim/init.lua:0
068.700  000.001  000.001: sourcing nvim_exec2() called at /Users/victor.alvarez/code/dotfiles/nvim/.config/nvim/init.lua:0
070.596  000.817  000.817: require('vim.filetype')
072.054  000.301  000.301: require('luasnip.util.types')
072.058  000.659  000.358: require('luasnip.util.ext_opts')
072.957  000.292  000.292: require('luasnip.util.lazy_table')
073.302  000.344  000.344: require('luasnip.extras.filetype_functions')
073.308  000.949  000.314: require('luasnip.default_config')
073.310  001.250  000.301: require('luasnip.session')
073.312  002.616  000.707: require('luasnip.config')
073.327  003.861  000.428: sourcing /Users/victor.alvarez/.local/share/nvim/lazy/LuaSnip/plugin/luasnip.lua
073.332  004.353  000.492: sourcing nvim_exec2() called at /Users/victor.alvarez/code/dotfiles/nvim/.config/nvim/init.lua:0
073.568  000.021  000.021: sourcing /Users/victor.alvarez/.local/share/nvim/lazy/LuaSnip/plugin/luasnip.vim
073.578  000.242  000.221: sourcing nvim_exec2() called at /Users/victor.alvarez/code/dotfiles/nvim/.config/nvim/init.lua:0
073.582  000.001  000.001: sourcing nvim_exec2() called at /Users/victor.alvarez/code/dotfiles/nvim/.config/nvim/init.lua:0
073.589  000.001  000.001: sourcing nvim_exec2() called at /Users/victor.alvarez/code/dotfiles/nvim/.config/nvim/init.lua:0
074.928  000.364  000.364: require('vim.version')
075.643  001.382  001.018: require('luasnip.util.vimversion')
075.646  001.703  000.321: require('luasnip.util.util')
076.647  000.557  000.557: require('luasnip.util.path')
077.728  000.499  000.499: require('luasnip.session.snippet_collection.source')
078.162  000.433  000.433: require('luasnip.util.table')
078.584  000.421  000.421: require('luasnip.util.auto_table')
078.595  001.946  000.594: require('luasnip.session.snippet_collection')
079.823  001.227  001.227: require('luasnip.util.log')
079.828  004.180  000.451: require('luasnip.loaders.util')
080.304  000.474  000.474: require('luasnip.loaders.fs_watchers')
080.686  000.008  000.008: require('vim.F')
080.691  000.386  000.378: require('luasnip.loaders.data')
081.072  000.380  000.380: require('luasnip.session.enqueueable_operations')
082.994  000.366  000.366: require('luasnip.util.str')
083.336  000.340  000.340: require('luasnip.nodes.key_indexer')
083.693  000.357  000.357: require('luasnip.util.feedkeys')
084.149  000.455  000.455: require('luasnip.nodes.util.snippet_string')
084.157  001.926  000.408: require('luasnip.nodes.util')
084.534  000.376  000.376: require('luasnip.util.events')
084.919  000.384  000.384: require('luasnip.nodes.optional_arg')
084.959  003.132  000.447: require('luasnip.nodes.node')
085.618  000.304  000.304: require('luasnip.util.extend_decorator')
085.629  000.669  000.365: require('luasnip.nodes.insertNode')
085.954  000.323  000.323: require('luasnip.nodes.textNode')
086.295  000.340  000.340: require('luasnip.util.mark')
087.430  000.362  000.362: require('luasnip.util.select')
087.746  000.315  000.315: require('luasnip.util.time')
088.247  001.657  000.980: require('luasnip.util._builtin_vars')
088.312  002.016  000.359: require('luasnip.util.environ')
088.681  000.368  000.368: require('luasnip.util.pattern_tokenizer')
089.066  000.384  000.384: require('luasnip.util.dict')
090.611  001.191  001.191: require('luasnip.util.jsregexp')
090.617  001.550  000.358: require('luasnip.nodes.util.trig_engines')
090.688  009.260  000.476: require('luasnip.nodes.snippet')
091.993  000.381  000.381: require('luasnip.util.parser.neovim_ast')
092.517  000.522  000.522: require('luasnip.util.jsregexp')
092.879  000.361  000.361: require('luasnip.util.directed_graph')
092.883  001.732  000.467: require('luasnip.util.parser.ast_utils')
093.226  000.343  000.343: require('luasnip.nodes.functionNode')
093.598  000.371  000.371: require('luasnip.nodes.choiceNode')
094.002  000.403  000.403: require('luasnip.nodes.dynamicNode')
094.341  000.338  000.338: require('luasnip.util.functions')
094.344  003.656  000.470: require('luasnip.util.parser.ast_parser')
094.870  000.525  000.525: require('luasnip.util.parser.neovim_parser')
094.874  013.800  000.360: require('luasnip.util.parser')
095.269  000.394  000.394: require('luasnip.nodes.snippetProxy')
095.642  000.372  000.372: require('luasnip.util.jsonc')
096.286  000.318  000.318: require('luasnip.nodes.duplicate')
096.287  000.643  000.326: require('luasnip.loaders.snippet_cache')
096.292  022.701  000.367: require('luasnip.loaders.from_vscode')
100.356  000.369  000.369: require('luasnip.nodes.multiSnippet')
102.381  000.297  000.297: require('cmp.utils.api')
102.960  000.285  000.285: require('cmp.types.cmp')
103.599  000.323  000.323: require('cmp.utils.misc')
103.633  000.672  000.349: require('cmp.types.lsp')
103.977  000.343  000.343: require('cmp.types.vim')
103.978  001.597  000.297: require('cmp.types')
104.282  000.302  000.302: require('cmp.utils.highlight')
104.856  000.277  000.277: require('cmp.utils.debug')
104.860  000.577  000.300: require('cmp.utils.autocmd')
105.114  000.005  000.005: sourcing nvim_exec2() called at /Users/victor.alvarez/.local/share/nvim/lazy/nvim-cmp/plugin/cmp.lua:0
105.116  003.281  000.504: sourcing /Users/victor.alvarez/.local/share/nvim/lazy/nvim-cmp/plugin/cmp.lua
105.121  003.471  000.189: sourcing nvim_exec2() called at /Users/victor.alvarez/code/dotfiles/nvim/.config/nvim/init.lua:0
105.125  000.001  000.001: sourcing nvim_exec2() called at /Users/victor.alvarez/code/dotfiles/nvim/.config/nvim/init.lua:0
105.131  000.001  000.001: sourcing nvim_exec2() called at /Users/victor.alvarez/code/dotfiles/nvim/.config/nvim/init.lua:0
106.297  000.292  000.292: require('cmp.utils.char')
106.301  000.573  000.281: require('cmp.utils.str')
107.152  000.268  000.268: require('cmp.utils.buffer')
107.159  000.563  000.295: require('cmp.utils.keymap')
107.161  000.859  000.296: require('cmp.utils.feedkeys')
107.991  000.280  000.280: require('cmp.config.mapping')
108.278  000.286  000.286: require('cmp.utils.cache')
108.868  000.285  000.285: require('cmp.config.compare')
109.156  000.287  000.287: require('cmp.config.window')
109.157  000.861  000.290: require('cmp.config.default')
109.178  001.734  000.307: require('cmp.config')
109.184  002.023  000.288: require('cmp.utils.async')
109.815  000.325  000.325: require('cmp.utils.pattern')
109.817  000.632  000.307: require('cmp.context')
111.606  000.322  000.322: require('cmp.utils.snippet')
111.895  000.288  000.288: require('cmp.matcher')
112.126  001.251  000.640: require('cmp.entry')
112.131  002.312  001.061: require('cmp.source')
112.704  000.289  000.289: require('cmp.utils.event')
113.563  000.274  000.274: require('cmp.utils.options')
113.566  000.569  000.295: require('cmp.utils.window')
113.567  000.862  000.293: require('cmp.view.docs_view')
113.877  000.309  000.309: require('cmp.view.custom_entries_view')
114.175  000.297  000.297: require('cmp.view.wildmenu_entries_view')
114.461  000.285  000.285: require('cmp.view.native_entries_view')
114.768  000.306  000.306: require('cmp.view.ghost_text_view')
114.773  002.642  000.293: require('cmp.view')
115.147  009.709  000.668: require('cmp.core')
115.509  000.278  000.278: require('cmp.config.sources')
115.532  010.381  000.394: require('cmp')
116.136  000.293  000.293: require('luasnip.loaders')
116.155  000.622  000.329: require('luasnip')
116.745  000.307  000.307: require('nvim-autopairs.completion.handlers')
116.747  000.592  000.285: require('nvim-autopairs.completion.cmp')
118.085  000.023  000.023: sourcing /Users/victor.alvarez/.local/share/nvim/lazy/plenary.nvim/plugin/plenary.vim
118.091  000.265  000.242: sourcing nvim_exec2() called at /Users/victor.alvarez/code/dotfiles/nvim/.config/nvim/init.lua:0
118.096  000.001  000.001: sourcing nvim_exec2() called at /Users/victor.alvarez/code/dotfiles/nvim/.config/nvim/init.lua:0
118.105  000.001  000.001: sourcing nvim_exec2() called at /Users/victor.alvarez/code/dotfiles/nvim/.config/nvim/init.lua:0
118.111  000.001  000.001: sourcing nvim_exec2() called at /Users/victor.alvarez/code/dotfiles/nvim/.config/nvim/init.lua:0
118.115  000.001  000.001: sourcing nvim_exec2() called at /Users/victor.alvarez/code/dotfiles/nvim/.config/nvim/init.lua:0
120.130  000.444  000.444: require('plenary.compat')
120.482  000.350  000.350: require('plenary.functional')
120.490  001.181  000.386: require('plenary.job')
121.242  000.378  000.378: require('plenary.bit')
121.299  000.807  000.429: require('plenary.path')
121.303  002.359  000.371: require('gitlinker.git')
121.637  000.333  000.333: require('gitlinker.buffer')
121.966  000.328  000.328: require('gitlinker.mappings')
122.705  000.326  000.326: require('gitlinker.actions')
122.706  000.739  000.413: require('gitlinker.opts')
123.099  000.393  000.393: require('gitlinker.hosts')
123.102  004.984  000.832: require('gitlinker')
123.268  000.001  000.001: sourcing nvim_exec2() called at /Users/victor.alvarez/code/dotfiles/nvim/.config/nvim/init.lua:0
123.280  000.001  000.001: sourcing nvim_exec2() called at /Users/victor.alvarez/code/dotfiles/nvim/.config/nvim/init.lua:0
124.533  000.369  000.369: require('neoscroll.config')
124.882  000.348  000.348: require('neoscroll.window')
125.217  000.334  000.334: require('neoscroll.logic')
125.574  000.356  000.356: require('neoscroll.scroll')
125.590  002.281  000.874: require('neoscroll')
125.665  000.003  000.003: sourcing nvim_exec2() called at /Users/victor.alvarez/code/dotfiles/nvim/.config/nvim/init.lua:0
125.670  000.002  000.002: sourcing nvim_exec2() called at /Users/victor.alvarez/code/dotfiles/nvim/.config/nvim/init.lua:0
125.673  000.002  000.002: sourcing nvim_exec2() called at /Users/victor.alvarez/code/dotfiles/nvim/.config/nvim/init.lua:0
125.675  000.001  000.001: sourcing nvim_exec2() called at /Users/victor.alvarez/code/dotfiles/nvim/.config/nvim/init.lua:0
125.679  000.001  000.001: sourcing nvim_exec2() called at /Users/victor.alvarez/code/dotfiles/nvim/.config/nvim/init.lua:0
125.681  000.001  000.001: sourcing nvim_exec2() called at /Users/victor.alvarez/code/dotfiles/nvim/.config/nvim/init.lua:0
125.683  000.001  000.001: sourcing nvim_exec2() called at /Users/victor.alvarez/code/dotfiles/nvim/.config/nvim/init.lua:0
125.759  000.001  000.001: sourcing nvim_exec2() called at /Users/victor.alvarez/code/dotfiles/nvim/.config/nvim/init.lua:0
125.768  000.001  000.001: sourcing nvim_exec2() called at /Users/victor.alvarez/code/dotfiles/nvim/.config/nvim/init.lua:0
126.913  000.376  000.376: require('bufferline.lazy')
127.325  000.407  000.407: require('bufferline.commands')
127.810  000.482  000.482: require('bufferline.config')
127.818  002.048  000.783: require('bufferline')
128.676  000.406  000.406: require('bufferline.utils')
128.678  000.847  000.441: require('bufferline.groups')
129.079  000.360  000.360: require('bufferline.constants')
129.416  000.334  000.334: require('bufferline.colors')
129.875  000.359  000.359: require('bufferline.highlights')
131.172  000.922  000.922: require('bufferline.hover')
131.584  000.386  000.386: require('bufferline.ui')
132.470  000.300  000.300: sourcing /Users/victor.alvarez/.local/share/nvim/lazy/which-key.nvim/plugin/which-key.lua
132.476  000.535  000.236: sourcing nvim_exec2() called at /Users/victor.alvarez/code/dotfiles/nvim/.config/nvim/init.lua:0
132.484  000.001  000.001: sourcing nvim_exec2() called at /Users/victor.alvarez/code/dotfiles/nvim/.config/nvim/init.lua:0
132.526  000.001  000.001: sourcing nvim_exec2() called at /Users/victor.alvarez/code/dotfiles/nvim/.config/nvim/init.lua:0
133.248  000.709  000.709: require('which-key')
133.775  000.525  000.525: require('which-key.config')
133.940  000.001  000.001: sourcing nvim_exec2() called at /Users/victor.alvarez/code/dotfiles/nvim/.config/nvim/init.lua:0
133.950  000.001  000.001: sourcing nvim_exec2() called at /Users/victor.alvarez/code/dotfiles/nvim/.config/nvim/init.lua:0
136.232  000.346  000.346: require('hbac.state')
136.235  000.739  000.393: require('hbac.command.actions')
136.602  000.367  000.367: require('hbac.command.config')
136.608  001.494  000.388: require('hbac.command.subcommands')
136.610  001.918  000.425: require('hbac.command')
138.010  000.370  000.370: require('hbac.config')
138.012  000.741  000.371: require('hbac.utils')
138.023  001.095  000.354: require('hbac.autocommands')
138.025  001.414  000.318: require('hbac.setup')
138.026  004.056  000.723: require('hbac')
138.643  000.104  000.104: sourcing /Users/victor.alvarez/.local/share/nvim/lazy/vim-tmux-navigator/plugin/tmux_navigator.vim
138.648  000.327  000.223: sourcing nvim_exec2() called at /Users/victor.alvarez/code/dotfiles/nvim/.config/nvim/init.lua:0
138.653  000.001  000.001: sourcing nvim_exec2() called at /Users/victor.alvarez/code/dotfiles/nvim/.config/nvim/init.lua:0
138.670  000.001  000.001: sourcing nvim_exec2() called at /Users/victor.alvarez/code/dotfiles/nvim/.config/nvim/init.lua:0
139.026  000.001  000.001: sourcing nvim_exec2() called at /Users/victor.alvarez/code/dotfiles/nvim/.config/nvim/init.lua:0
139.038  000.001  000.001: sourcing nvim_exec2() called at /Users/victor.alvarez/code/dotfiles/nvim/.config/nvim/init.lua:0
139.897  000.823  000.823: require('lint')
140.653  000.425  000.425: require('vim.diagnostic')
140.995  000.341  000.341: require('lint.parser')
140.997  001.098  000.332: require('lint.linters.luacheck')
141.435  000.013  000.013: sourcing /Users/victor.alvarez/.local/share/nvim/lazy/zen-mode.nvim/plugin/zen-mode.vim
141.446  000.237  000.224: sourcing nvim_exec2() called at /Users/victor.alvarez/code/dotfiles/nvim/.config/nvim/init.lua:0
141.450  000.001  000.001: sourcing nvim_exec2() called at /Users/victor.alvarez/code/dotfiles/nvim/.config/nvim/init.lua:0
141.456  000.001  000.001: sourcing nvim_exec2() called at /Users/victor.alvarez/code/dotfiles/nvim/.config/nvim/init.lua:0
142.945  000.446  000.446: require('zen-mode.util')
142.948  000.767  000.321: require('zen-mode.config')
143.728  000.380  000.380: require('zen-mode.plugins')
143.732  000.783  000.403: require('zen-mode.view')
143.734  002.221  000.671: require('zen-mode')
143.781  000.003  000.003: sourcing nvim_exec2() called at /Users/victor.alvarez/code/dotfiles/nvim/.config/nvim/init.lua:0
143.785  000.002  000.002: sourcing nvim_exec2() called at /Users/victor.alvarez/code/dotfiles/nvim/.config/nvim/init.lua:0
144.347  000.001  000.001: sourcing nvim_exec2() called at /Users/victor.alvarez/code/dotfiles/nvim/.config/nvim/init.lua:0
144.353  000.001  000.001: sourcing nvim_exec2() called at /Users/victor.alvarez/code/dotfiles/nvim/.config/nvim/init.lua:0
144.739  000.001  000.001: sourcing nvim_exec2() called at /Users/victor.alvarez/code/dotfiles/nvim/.config/nvim/init.lua:0
144.744  000.001  000.001: sourcing nvim_exec2() called at /Users/victor.alvarez/code/dotfiles/nvim/.config/nvim/init.lua:0
145.679  000.434  000.434: sourcing /Users/victor.alvarez/.local/share/nvim/lazy/telescope.nvim/plugin/telescope.lua
145.685  000.680  000.246: sourcing nvim_exec2() called at /Users/victor.alvarez/code/dotfiles/nvim/.config/nvim/init.lua:0
145.722  000.001  000.001: sourcing nvim_exec2() called at /Users/victor.alvarez/code/dotfiles/nvim/.config/nvim/init.lua:0
145.729  000.001  000.001: sourcing nvim_exec2() called at /Users/victor.alvarez/code/dotfiles/nvim/.config/nvim/init.lua:0
147.599  000.354  000.354: require('telescope.state')
148.368  000.381  000.381: require('plenary.strings')
148.733  000.365  000.365: require('telescope.deprecated')
149.838  000.377  000.377: require('plenary.log')
149.849  000.730  000.354: require('telescope.log')
150.254  000.403  000.403: require('telescope.utils')
150.258  001.524  000.390: require('telescope.sorters')
151.356  003.756  001.486: require('telescope.config')
151.358  004.513  000.402: require('telescope.actions.state')
151.747  000.388  000.388: require('telescope-live-grep-args.helpers')
151.749  005.270  000.370: require('telescope-live-grep-args.actions.quote_prompt')
151.750  006.017  000.747: require('telescope-live-grep-args.actions')
152.544  000.377  000.377: require('telescope._extensions')
152.546  000.742  000.364: require('telescope')
154.441  000.910  000.910: require('fzf_lib')
154.444  001.328  000.418: require('telescope._extensions.fzf')
155.205  000.367  000.367: require('telescope-live-grep-args.prompt_parser')
157.600  000.396  000.396: require('plenary.tbl')
157.603  000.826  000.430: require('plenary.vararg.rotate')
157.604  001.269  000.442: require('plenary.vararg')
158.015  000.410  000.410: require('plenary.errors')
158.017  002.057  000.378: require('plenary.async.async')
159.901  000.775  000.775: require('plenary.async.structs')
159.909  001.137  000.362: require('plenary.async.control')
159.916  001.493  000.356: require('plenary.async.util')
159.919  001.901  000.408: require('plenary.async.tests')
159.922  004.300  000.342: require('plenary.async')
161.313  000.564  000.564: require('plenary.window.border')
161.923  000.609  000.609: require('plenary.window')
162.353  000.429  000.429: require('plenary.popup.utils')
162.356  002.431  000.829: require('plenary.popup')
163.357  000.456  000.456: require('telescope.pickers.scroller')
163.796  000.438  000.438: require('telescope.actions.utils')
164.705  000.439  000.439: require('telescope.actions.mt')
164.713  000.916  000.477: require('telescope.actions.set')
165.608  000.441  000.441: require('telescope.config.resolve')
165.609  000.896  000.455: require('telescope.pickers.entry_display')
166.052  000.441  000.441: require('telescope.from_entry')
166.192  003.836  000.689: require('telescope.actions')
166.628  000.434  000.434: require('telescope.debounce')
167.018  000.388  000.388: require('telescope.mappings')
167.604  000.585  000.585: require('telescope.pickers.highlights')
168.086  000.480  000.480: require('telescope.pickers.window')
169.072  000.524  000.524: require('telescope.algos.linked_list')
169.075  000.988  000.464: require('telescope.entry_manager')
169.537  000.462  000.462: require('telescope.pickers.multi')
169.548  014.343  000.438: require('telescope.pickers')
169.974  000.425  000.425: require('telescope.themes')
170.895  000.449  000.449: require('telescope.make_entry')
171.311  000.416  000.416: require('telescope.finders.async_static_finder')
172.515  000.438  000.438: require('plenary.class')
172.524  000.821  000.383: require('telescope._')
172.525  001.213  000.392: require('telescope.finders.async_oneshot_finder')
172.961  000.434  000.434: require('telescope.finders.async_job_finder')
172.964  002.988  000.476: require('telescope.finders')
172.966  018.517  000.394: require('telescope._extensions.live_grep_args')
173.656  000.063  000.063: sourcing /Users/victor.alvarez/.local/share/nvim/lazy/vim-obsession/plugin/obsession.vim
173.662  000.333  000.270: sourcing nvim_exec2() called at /Users/victor.alvarez/code/dotfiles/nvim/.config/nvim/init.lua:0
173.669  000.001  000.001: sourcing nvim_exec2() called at /Users/victor.alvarez/code/dotfiles/nvim/.config/nvim/init.lua:0
173.682  000.001  000.001: sourcing nvim_exec2() called at /Users/victor.alvarez/code/dotfiles/nvim/.config/nvim/init.lua:0
174.843  000.146  000.146: sourcing /Users/victor.alvarez/.local/share/nvim/lazy/vim-move/plugin/move.vim
174.854  000.420  000.274: sourcing nvim_exec2() called at /Users/victor.alvarez/code/dotfiles/nvim/.config/nvim/init.lua:0
174.858  000.001  000.001: sourcing nvim_exec2() called at /Users/victor.alvarez/code/dotfiles/nvim/.config/nvim/init.lua:0
174.897  000.001  000.001: sourcing nvim_exec2() called at /Users/victor.alvarez/code/dotfiles/nvim/.config/nvim/init.lua:0
176.517  000.618  000.618: sourcing /Users/victor.alvarez/.local/share/nvim/lazy/conform.nvim/plugin/conform.lua
176.522  000.910  000.292: sourcing nvim_exec2() called at /Users/victor.alvarez/code/dotfiles/nvim/.config/nvim/init.lua:0
176.525  000.001  000.001: sourcing nvim_exec2() called at /Users/victor.alvarez/code/dotfiles/nvim/.config/nvim/init.lua:0
176.565  000.001  000.001: sourcing nvim_exec2() called at /Users/victor.alvarez/code/dotfiles/nvim/.config/nvim/init.lua:0
177.510  000.853  000.853: require('conform')
177.601  000.001  000.001: sourcing nvim_exec2() called at /Users/victor.alvarez/code/dotfiles/nvim/.config/nvim/init.lua:0
178.135  000.035  000.035: sourcing /Users/victor.alvarez/.local/share/nvim/lazy/vim-tmux/ftdetect/tmux.vim
178.150  000.316  000.281: sourcing nvim_exec2() called at /Users/victor.alvarez/code/dotfiles/nvim/.config/nvim/init.lua:0
178.166  000.002  000.002: sourcing nvim_exec2() called at /Users/victor.alvarez/code/dotfiles/nvim/.config/nvim/init.lua:0
179.996  000.034  000.034: sourcing /Users/victor.alvarez/.local/share/nvim/lazy/vim-snipe/autoload/snipe/highlight.vim
180.056  000.875  000.841: sourcing /Users/victor.alvarez/.local/share/nvim/lazy/vim-snipe/plugin/snipe.vim
180.061  001.149  000.274: sourcing nvim_exec2() called at /Users/victor.alvarez/code/dotfiles/nvim/.config/nvim/init.lua:0
180.070  000.001  000.001: sourcing nvim_exec2() called at /Users/victor.alvarez/code/dotfiles/nvim/.config/nvim/init.lua:0
180.080  000.001  000.001: sourcing nvim_exec2() called at /Users/victor.alvarez/code/dotfiles/nvim/.config/nvim/init.lua:0
180.266  000.002  000.002: sourcing nvim_exec2() called at /Users/victor.alvarez/code/dotfiles/nvim/.config/nvim/init.lua:0
180.272  000.001  000.001: sourcing nvim_exec2() called at /Users/victor.alvarez/code/dotfiles/nvim/.config/nvim/init.lua:0
181.147  000.862  000.862: require('nvim-surround')
181.648  000.499  000.499: require('nvim-surround.config')
182.063  000.413  000.413: require('nvim-surround.input')
182.801  000.442  000.442: require('nvim-surround.buffer')
184.077  000.456  000.456: sourcing /Users/victor.alvarez/code/nvim-macos-arm64/share/nvim/runtime/plugin/editorconfig.lua
184.082  000.741  000.285: sourcing nvim_exec2() called at /Users/victor.alvarez/code/dotfiles/nvim/.config/nvim/init.lua:0
184.470  000.104  000.104: sourcing /Users/victor.alvarez/code/nvim-macos-arm64/share/nvim/runtime/plugin/gzip.vim
184.477  000.388  000.283: sourcing nvim_exec2() called at /Users/victor.alvarez/code/dotfiles/nvim/.config/nvim/init.lua:0
185.162  000.372  000.372: sourcing /Users/victor.alvarez/code/nvim-macos-arm64/share/nvim/runtime/plugin/man.lua
185.191  000.677  000.304: sourcing nvim_exec2() called at /Users/victor.alvarez/code/dotfiles/nvim/.config/nvim/init.lua:0
186.862  000.139  000.139: sourcing /Users/victor.alvarez/code/nvim-macos-arm64/share/nvim/runtime/pack/dist/opt/matchit/plugin/matchit.vim
186.881  001.423  001.284: sourcing /Users/victor.alvarez/code/nvim-macos-arm64/share/nvim/runtime/plugin/matchit.vim
186.885  001.691  000.268: sourcing nvim_exec2() called at /Users/victor.alvarez/code/dotfiles/nvim/.config/nvim/init.lua:0
187.288  000.093  000.093: sourcing /Users/victor.alvarez/code/nvim-macos-arm64/share/nvim/runtime/plugin/matchparen.vim
187.294  000.370  000.278: sourcing nvim_exec2() called at /Users/victor.alvarez/code/dotfiles/nvim/.config/nvim/init.lua:0
188.910  000.150  000.150: sourcing /Users/victor.alvarez/code/nvim-macos-arm64/share/nvim/runtime/pack/dist/opt/netrw/plugin/netrwPlugin.vim
188.926  001.366  001.217: sourcing /Users/victor.alvarez/code/nvim-macos-arm64/share/nvim/runtime/plugin/netrwPlugin.vim
188.930  001.633  000.266: sourcing nvim_exec2() called at /Users/victor.alvarez/code/dotfiles/nvim/.config/nvim/init.lua:0
189.561  000.365  000.365: sourcing /Users/victor.alvarez/code/nvim-macos-arm64/share/nvim/runtime/plugin/osc52.lua
189.566  000.633  000.268: sourcing nvim_exec2() called at /Users/victor.alvarez/code/dotfiles/nvim/.config/nvim/init.lua:0
189.944  000.099  000.099: sourcing /Users/victor.alvarez/code/nvim-macos-arm64/share/nvim/runtime/plugin/rplugin.vim
189.950  000.381  000.281: sourcing nvim_exec2() called at /Users/victor.alvarez/code/dotfiles/nvim/.config/nvim/init.lua:0
190.262  000.041  000.041: sourcing /Users/victor.alvarez/code/nvim-macos-arm64/share/nvim/runtime/plugin/shada.vim
190.268  000.306  000.265: sourcing nvim_exec2() called at /Users/victor.alvarez/code/dotfiles/nvim/.config/nvim/init.lua:0
190.559  000.012  000.012: sourcing /Users/victor.alvarez/code/nvim-macos-arm64/share/nvim/runtime/plugin/spellfile.vim
190.565  000.290  000.278: sourcing nvim_exec2() called at /Users/victor.alvarez/code/dotfiles/nvim/.config/nvim/init.lua:0
190.893  000.070  000.070: sourcing /Users/victor.alvarez/code/nvim-macos-arm64/share/nvim/runtime/plugin/tarPlugin.vim
190.901  000.333  000.263: sourcing nvim_exec2() called at /Users/victor.alvarez/code/dotfiles/nvim/.config/nvim/init.lua:0
191.538  000.368  000.368: sourcing /Users/victor.alvarez/code/nvim-macos-arm64/share/nvim/runtime/plugin/tohtml.lua
191.544  000.637  000.270: sourcing nvim_exec2() called at /Users/victor.alvarez/code/dotfiles/nvim/.config/nvim/init.lua:0
191.878  000.016  000.016: sourcing /Users/victor.alvarez/code/nvim-macos-arm64/share/nvim/runtime/plugin/tutor.vim
191.885  000.302  000.286: sourcing nvim_exec2() called at /Users/victor.alvarez/code/dotfiles/nvim/.config/nvim/init.lua:0
192.276  000.080  000.080: sourcing /Users/victor.alvarez/code/nvim-macos-arm64/share/nvim/runtime/plugin/zipPlugin.vim
192.283  000.365  000.285: sourcing nvim_exec2() called at /Users/victor.alvarez/code/dotfiles/nvim/.config/nvim/init.lua:0
195.738  001.328  001.328: require('vim.lsp.protocol')
195.759  001.845  000.517: require('vim.lsp.util')
195.763  002.311  000.466: require('cmp_luasnip')
195.838  002.857  000.546: sourcing /Users/victor.alvarez/.local/share/nvim/lazy/cmp_luasnip/after/plugin/cmp_luasnip.lua
195.845  003.237  000.380: sourcing nvim_exec2() called at /Users/victor.alvarez/code/dotfiles/nvim/.config/nvim/init.lua:0
197.219  000.434  000.434: require('cmp_path')
197.250  000.835  000.401: sourcing /Users/victor.alvarez/.local/share/nvim/lazy/cmp-path/after/plugin/cmp_path.lua
197.258  001.122  000.287: sourcing nvim_exec2() called at /Users/victor.alvarez/code/dotfiles/nvim/.config/nvim/init.lua:0
198.525  000.405  000.405: require('cmp_emoji')
198.553  000.804  000.398: sourcing /Users/victor.alvarez/.local/share/nvim/lazy/cmp-emoji/after/plugin/cmp_emoji.lua
198.558  001.065  000.261: sourcing nvim_exec2() called at /Users/victor.alvarez/code/dotfiles/nvim/.config/nvim/init.lua:0
199.866  000.425  000.425: require('cmp_nvim_lua')
199.900  000.820  000.395: sourcing /Users/victor.alvarez/.local/share/nvim/lazy/cmp-nvim-lua/after/plugin/cmp_nvim_lua.lua
199.905  001.086  000.266: sourcing nvim_exec2() called at /Users/victor.alvarez/code/dotfiles/nvim/.config/nvim/init.lua:0
201.625  000.414  000.414: require('cmp_nvim_lsp.source')
201.627  000.854  000.439: require('cmp_nvim_lsp')
201.634  001.223  000.369: sourcing /Users/victor.alvarez/.local/share/nvim/lazy/cmp-nvim-lsp/after/plugin/cmp_nvim_lsp.lua
201.639  001.497  000.273: sourcing nvim_exec2() called at /Users/victor.alvarez/code/dotfiles/nvim/.config/nvim/init.lua:0
203.000  000.481  000.481: require('cmp_cmdline')
203.035  000.877  000.397: sourcing /Users/victor.alvarez/.local/share/nvim/lazy/cmp-cmdline/after/plugin/cmp_cmdline.lua
203.046  001.165  000.288: sourcing nvim_exec2() called at /Users/victor.alvarez/code/dotfiles/nvim/.config/nvim/init.lua:0
206.057  000.512  000.512: require('cmp_buffer.timer')
206.064  001.038  000.525: require('cmp_buffer.buffer')
206.068  001.546  000.508: require('cmp_buffer.source')
206.069  002.073  000.526: require('cmp_buffer')
206.083  002.533  000.461: sourcing /Users/victor.alvarez/.local/share/nvim/lazy/cmp-buffer/after/plugin/cmp_buffer.lua
206.090  002.808  000.275: sourcing nvim_exec2() called at /Users/victor.alvarez/code/dotfiles/nvim/.config/nvim/init.lua:0
206.589  000.463  000.463: require('autocmd')
206.590  199.584  053.518: sourcing /Users/victor.alvarez/.config/nvim/init.lua
206.601  001.344: sourcing vimrc file(s)
207.931  000.434  000.434: sourcing /Users/victor.alvarez/code/nvim-macos-arm64/share/nvim/runtime/filetype.lua
208.826  000.050  000.050: sourcing /Users/victor.alvarez/code/nvim-macos-arm64/share/nvim/runtime/syntax/synload.vim
208.894  000.545  000.495: sourcing /Users/victor.alvarez/code/nvim-macos-arm64/share/nvim/runtime/syntax/syntax.vim
208.907  001.327: inits 3
211.394  002.487: reading ShaDa
212.219  000.700  000.700: require('luasnip.loaders.from_lua')
212.894  000.669  000.669: require('luasnip.loaders.from_snipmate')
212.973  000.210: opening buffers
213.620  000.572  000.572: require('bufferline.state')
213.681  000.136: BufEnter autocommands
213.683  000.002: editing files in windows
213.984  000.301: VimEnter autocommands
214.704  000.539  000.539: require('vim.termcap')
214.723  000.012  000.012: require('vim.text')
214.745  000.210: UIEnter autocommands
214.746  000.001: before starting main loop
215.995  000.564  000.564: require('bufferline.pick')
216.587  000.591  000.591: require('bufferline.duplicates')
217.155  000.005  000.005: sourcing nvim_exec2()
217.158  000.570  000.565: require('bufferline.diagnostics')
217.720  000.561  000.561: require('bufferline.models')
217.722  002.855  000.569: require('bufferline.buffers')
219.013  000.646  000.646: require('nvim-web-devicons.filetypes')
220.414  000.803  000.803: require('nvim-web-devicons.default.icons_by_filename')
221.510  001.095  001.095: require('nvim-web-devicons.default.icons_by_file_extension')
222.315  000.803  000.803: require('nvim-web-devicons.default.icons_by_operating_system')
222.970  000.654  000.654: require('nvim-web-devicons.default.icons_by_desktop_environment')
223.586  000.614  000.614: require('nvim-web-devicons.default.icons_by_window_manager')
223.587  004.547  000.578: require('nvim-web-devicons.icons-default')
223.749  005.999  000.806: require('nvim-web-devicons')
227.440  001.012  001.012: require('bufferline.numbers')
229.126  001.622  001.622: require('bufferline.sorters')
229.723  000.531  000.531: require('bufferline.tabpages')
230.341  000.560  000.560: require('bufferline.offset')
230.971  000.628  000.628: require('bufferline.custom_area')
231.811  000.795  000.795: require('vim.iter')
232.089  003.342: first screen update
232.090  000.001: --- NVIM STARTED ---

--- Startup times for process: Primary (or UI client) ---

times in msec
 clock   self+sourced   self:  sourced script
 clock   elapsed:              other lines

000.000  000.000: --- NVIM STARTING ---
000.111  000.110: event init
000.238  000.128: early init
000.716  000.478: locale set
000.758  000.042: init first window
013.316  012.557: inits 1
013.329  000.013: window checked
013.335  000.006: parsing arguments
013.786  000.044  000.044: require('vim.shared')
013.865  000.032  000.032: require('vim.inspect')
013.901  000.030  000.030: require('vim._options')
013.905  000.116  000.054: require('vim._editor')
013.907  000.187  000.026: require('vim._init_packages')
013.909  000.387: init lua interpreter
017.924  004.015: nvim_ui_attach
018.204  000.279: nvim_set_client_info
018.205  000.001: --- NVIM STARTED ---

--- Startup times for process: Embedded ---

times in msec
 clock   self+sourced   self:  sourced script
 clock   elapsed:              other lines

000.001  000.001: --- NVIM STARTING ---
000.109  000.108: event init
000.226  000.117: early init
000.613  000.388: locale set
000.647  000.034: init first window
000.977  000.330: inits 1
000.996  000.018: window checked
001.000  000.004: parsing arguments
001.401  000.036  000.036: require('vim.shared')
001.473  000.028  000.028: require('vim.inspect')
001.509  000.030  000.030: require('vim._options')
001.514  000.110  000.052: require('vim._editor')
001.515  000.168  000.022: require('vim._init_packages')
001.516  000.349: init lua interpreter
004.516  002.999: expanding arguments
004.548  000.032: inits 2
004.770  000.222: init highlight
004.771  000.001: waiting for UI
004.911  000.140: done waiting for UI
004.915  000.003: clear screen
005.039  000.010  000.010: require('vim.keymap')
005.869  000.121  000.121: sourcing nvim_exec2()
006.023  001.105  000.974: require('vim._defaults')
006.024  000.005: init default mappings & autocommands
006.844  000.062  000.062: sourcing /Users/victor.alvarez/code/nvim-macos-arm64/share/nvim/runtime/ftplugin.vim
007.151  000.024  000.024: sourcing /Users/victor.alvarez/code/nvim-macos-arm64/share/nvim/runtime/indent.vim
008.666  000.269  000.269: require('utils')
009.285  001.707  001.438: require('keybinds')
009.612  000.325  000.325: require('settings')
009.955  000.342  000.342: require('lazy')
009.986  000.013  000.013: require('ffi')
010.039  000.033  000.033: require('vim.fs')
010.372  000.330  000.330: require('vim.uri')
010.382  000.393  000.031: require('vim.loader')
011.052  000.650  000.650: require('lazy.stats')
011.490  000.405  000.405: require('lazy.core.util')
011.882  000.391  000.391: require('lazy.core.config')
012.607  000.351  000.351: require('lazy.core.handler')
013.737  000.393  000.393: require('lazy.pkg')
013.742  000.793  000.401: require('lazy.core.meta')
013.748  001.140  000.347: require('lazy.core.plugin')
013.754  001.871  000.379: require('lazy.core.loader')
014.453  000.410  000.410: require('lazy.core.fragments')
018.111  001.393  001.393: require('telescope.builtin')
021.647  000.388  000.388: require('lazy.core.handler.event')
021.650  000.879  000.491: require('lazy.core.handler.ft')
022.012  000.359  000.359: require('lazy.core.handler.keys')
022.345  000.330  000.330: require('lazy.core.handler.cmd')
022.401  000.005  000.005: sourcing nvim_exec2() called at /Users/victor.alvarez/code/dotfiles/nvim/.config/nvim/init.lua:0
022.415  000.002  000.002: sourcing nvim_exec2() called at /Users/victor.alvarez/code/dotfiles/nvim/.config/nvim/init.lua:0
023.038  000.002  000.002: sourcing nvim_exec2() called at /Users/victor.alvarez/code/dotfiles/nvim/.config/nvim/init.lua:0
023.049  000.001  000.001: sourcing nvim_exec2() called at /Users/victor.alvarez/code/dotfiles/nvim/.config/nvim/init.lua:0
023.100  000.001  000.001: sourcing nvim_exec2() called at /Users/victor.alvarez/code/dotfiles/nvim/.config/nvim/init.lua:0
023.109  000.001  000.001: sourcing nvim_exec2() called at /Users/victor.alvarez/code/dotfiles/nvim/.config/nvim/init.lua:0
023.390  000.001  000.001: sourcing nvim_exec2() called at /Users/victor.alvarez/code/dotfiles/nvim/.config/nvim/init.lua:0
023.398  000.001  000.001: sourcing nvim_exec2() called at /Users/victor.alvarez/code/dotfiles/nvim/.config/nvim/init.lua:0
023.451  000.001  000.001: sourcing nvim_exec2() called at /Users/victor.alvarez/code/dotfiles/nvim/.config/nvim/init.lua:0
023.459  000.001  000.001: sourcing nvim_exec2() called at /Users/victor.alvarez/code/dotfiles/nvim/.config/nvim/init.lua:0
023.972  000.001  000.001: sourcing nvim_exec2() called at /Users/victor.alvarez/code/dotfiles/nvim/.config/nvim/init.lua:0
023.981  000.001  000.001: sourcing nvim_exec2() called at /Users/victor.alvarez/code/dotfiles/nvim/.config/nvim/init.lua:0
024.178  000.032  000.032: sourcing nvim_exec2() called at /Users/victor.alvarez/code/nvim-macos-arm64/share/nvim/runtime/filetype.lua:0
024.181  000.126  000.094: sourcing /Users/victor.alvarez/code/nvim-macos-arm64/share/nvim/runtime/filetype.lua
024.186  000.195  000.068: sourcing nvim_exec2() called at /Users/victor.alvarez/code/dotfiles/nvim/.config/nvim/init.lua:0
024.363  000.001  000.001: sourcing nvim_exec2() called at /Users/victor.alvarez/code/dotfiles/nvim/.config/nvim/init.lua:0
024.371  000.001  000.001: sourcing nvim_exec2() called at /Users/victor.alvarez/code/dotfiles/nvim/.config/nvim/init.lua:0
025.347  000.974  000.974: require('kanagawa')
027.446  000.381  000.381: require('kanagawa.utils')
027.791  000.338  000.338: require('kanagawa.colors')
029.104  000.488  000.488: require('kanagawa.lib.hsluv')
029.127  000.909  000.421: require('kanagawa.lib.color')
029.128  001.325  000.416: require('kanagawa.themes')
029.531  000.381  000.381: require('kanagawa.highlights')
029.915  000.383  000.383: require('kanagawa.highlights.editor')
030.262  000.314  000.314: require('kanagawa.highlights.syntax')
030.593  000.321  000.321: require('kanagawa.highlights.treesitter')
030.913  000.312  000.312: require('kanagawa.highlights.lsp')
031.302  000.386  000.386: require('kanagawa.highlights.plugins')
031.827  004.785  000.646: sourcing /Users/victor.alvarez/.local/share/nvim/lazy/kanagawa.nvim/colors/kanagawa.vim
031.870  000.002  000.002: sourcing nvim_exec2() called at /Users/victor.alvarez/code/dotfiles/nvim/.config/nvim/init.lua:0
031.876  000.001  000.001: sourcing nvim_exec2() called at /Users/victor.alvarez/code/dotfiles/nvim/.config/nvim/init.lua:0
032.995  001.116  001.116: require('gruvbox')
034.152  000.035  000.035: sourcing /Users/victor.alvarez/.local/share/nvim/lazy/vim-snipe/autoload/snipe/highlight.vim
034.215  000.665  000.630: sourcing /Users/victor.alvarez/.local/share/nvim/lazy/vim-snipe/plugin/snipe.vim
034.221  000.884  000.219: sourcing nvim_exec2() called at /Users/victor.alvarez/code/dotfiles/nvim/.config/nvim/init.lua:0
034.228  000.001  000.001: sourcing nvim_exec2() called at /Users/victor.alvarez/code/dotfiles/nvim/.config/nvim/init.lua:0
034.235  000.001  000.001: sourcing nvim_exec2() called at /Users/victor.alvarez/code/dotfiles/nvim/.config/nvim/init.lua:0
035.205  000.023  000.023: sourcing /Users/victor.alvarez/.local/share/nvim/lazy/plenary.nvim/plugin/plenary.vim
035.212  000.268  000.245: sourcing nvim_exec2() called at /Users/victor.alvarez/code/dotfiles/nvim/.config/nvim/init.lua:0
035.228  000.001  000.001: sourcing nvim_exec2() called at /Users/victor.alvarez/code/dotfiles/nvim/.config/nvim/init.lua:0
035.237  000.001  000.001: sourcing nvim_exec2() called at /Users/victor.alvarez/code/dotfiles/nvim/.config/nvim/init.lua:0
035.274  000.001  000.001: sourcing nvim_exec2() called at /Users/victor.alvarez/code/dotfiles/nvim/.config/nvim/init.lua:0
035.280  000.001  000.001: sourcing nvim_exec2() called at /Users/victor.alvarez/code/dotfiles/nvim/.config/nvim/init.lua:0
037.423  000.292  000.292: require('plenary.compat')
037.742  000.317  000.317: require('plenary.functional')
037.756  000.962  000.352: require('plenary.job')
038.509  000.374  000.374: require('plenary.bit')
038.588  000.830  000.456: require('plenary.path')
038.593  002.121  000.329: require('gitlinker.git')
038.919  000.326  000.326: require('gitlinker.buffer')
039.254  000.334  000.334: require('gitlinker.mappings')
039.979  000.305  000.305: require('gitlinker.actions')
039.981  000.726  000.420: require('gitlinker.opts')
040.276  000.294  000.294: require('gitlinker.hosts')
040.280  004.997  001.197: require('gitlinker')
041.195  000.022  000.022: sourcing /Users/victor.alvarez/.local/share/nvim/lazy/nvim-web-devicons/plugin/nvim-web-devicons.vim
041.202  000.258  000.236: sourcing nvim_exec2() called at /Users/victor.alvarez/code/dotfiles/nvim/.config/nvim/init.lua:0
041.208  000.001  000.001: sourcing nvim_exec2() called at /Users/victor.alvarez/code/dotfiles/nvim/.config/nvim/init.lua:0
041.217  000.001  000.001: sourcing nvim_exec2() called at /Users/victor.alvarez/code/dotfiles/nvim/.config/nvim/init.lua:0
041.502  000.001  000.001: sourcing nvim_exec2() called at /Users/victor.alvarez/code/dotfiles/nvim/.config/nvim/init.lua:0
041.549  000.001  000.001: sourcing nvim_exec2() called at /Users/victor.alvarez/code/dotfiles/nvim/.config/nvim/init.lua:0
041.557  000.001  000.001: sourcing nvim_exec2() called at /Users/victor.alvarez/code/dotfiles/nvim/.config/nvim/init.lua:0
041.562  000.001  000.001: sourcing nvim_exec2() called at /Users/victor.alvarez/code/dotfiles/nvim/.config/nvim/init.lua:0
043.832  000.407  000.407: require('lualine_require')
044.542  002.704  002.298: require('lualine')
044.736  000.007  000.007: sourcing nvim_exec2() called at /Users/victor.alvarez/code/dotfiles/nvim/.config/nvim/init.lua:0
046.581  000.005  000.005: sourcing nvim_exec2() called at /Users/victor.alvarez/code/dotfiles/nvim/.config/nvim/init.lua:0
046.599  000.002  000.002: sourcing nvim_exec2() called at /Users/victor.alvarez/code/dotfiles/nvim/.config/nvim/init.lua:0
046.614  000.002  000.002: sourcing nvim_exec2() called at /Users/victor.alvarez/code/dotfiles/nvim/.config/nvim/init.lua:0
046.628  000.001  000.001: sourcing nvim_exec2() called at /Users/victor.alvarez/code/dotfiles/nvim/.config/nvim/init.lua:0
046.778  000.003  000.003: sourcing nvim_exec2() called at /Users/victor.alvarez/code/dotfiles/nvim/.config/nvim/init.lua:0
046.832  000.002  000.002: sourcing nvim_exec2() called at /Users/victor.alvarez/code/dotfiles/nvim/.config/nvim/init.lua:0
046.844  000.002  000.002: sourcing nvim_exec2() called at /Users/victor.alvarez/code/dotfiles/nvim/.config/nvim/init.lua:0
046.861  000.002  000.002: sourcing nvim_exec2() called at /Users/victor.alvarez/code/dotfiles/nvim/.config/nvim/init.lua:0
046.869  000.002  000.002: sourcing nvim_exec2() called at /Users/victor.alvarez/code/dotfiles/nvim/.config/nvim/init.lua:0
046.888  000.010  000.010: sourcing nvim_exec2() called at /Users/victor.alvarez/code/dotfiles/nvim/.config/nvim/init.lua:0
046.901  000.002  000.002: sourcing nvim_exec2() called at /Users/victor.alvarez/code/dotfiles/nvim/.config/nvim/init.lua:0
046.908  000.001  000.001: sourcing nvim_exec2() called at /Users/victor.alvarez/code/dotfiles/nvim/.config/nvim/init.lua:0
046.915  000.001  000.001: sourcing nvim_exec2() called at /Users/victor.alvarez/code/dotfiles/nvim/.config/nvim/init.lua:0
046.921  000.001  000.001: sourcing nvim_exec2() called at /Users/victor.alvarez/code/dotfiles/nvim/.config/nvim/init.lua:0
046.932  000.001  000.001: sourcing nvim_exec2() called at /Users/victor.alvarez/code/dotfiles/nvim/.config/nvim/init.lua:0
046.939  000.006  000.006: sourcing nvim_exec2() called at /Users/victor.alvarez/code/dotfiles/nvim/.config/nvim/init.lua:0
060.050  000.002  000.002: sourcing nvim_exec2() called at /Users/victor.alvarez/code/dotfiles/nvim/.config/nvim/init.lua:0
060.056  000.001  000.001: sourcing nvim_exec2() called at /Users/victor.alvarez/code/dotfiles/nvim/.config/nvim/init.lua:0
060.061  000.001  000.001: sourcing nvim_exec2() called at /Users/victor.alvarez/code/dotfiles/nvim/.config/nvim/init.lua:0
060.065  000.001  000.001: sourcing nvim_exec2() called at /Users/victor.alvarez/code/dotfiles/nvim/.config/nvim/init.lua:0
060.068  000.001  000.001: sourcing nvim_exec2() called at /Users/victor.alvarez/code/dotfiles/nvim/.config/nvim/init.lua:0
060.072  000.001  000.001: sourcing nvim_exec2() called at /Users/victor.alvarez/code/dotfiles/nvim/.config/nvim/init.lua:0
060.077  000.001  000.001: sourcing nvim_exec2() called at /Users/victor.alvarez/code/dotfiles/nvim/.config/nvim/init.lua:0
060.082  000.001  000.001: sourcing nvim_exec2() called at /Users/victor.alvarez/code/dotfiles/nvim/.config/nvim/init.lua:0
060.086  000.001  000.001: sourcing nvim_exec2() called at /Users/victor.alvarez/code/dotfiles/nvim/.config/nvim/init.lua:0
060.090  000.001  000.001: sourcing nvim_exec2() called at /Users/victor.alvarez/code/dotfiles/nvim/.config/nvim/init.lua:0
060.129  000.001  000.001: sourcing nvim_exec2() called at /Users/victor.alvarez/code/dotfiles/nvim/.config/nvim/init.lua:0
060.165  000.001  000.001: sourcing nvim_exec2() called at /Users/victor.alvarez/code/dotfiles/nvim/.config/nvim/init.lua:0
060.200  000.001  000.001: sourcing nvim_exec2() called at /Users/victor.alvarez/code/dotfiles/nvim/.config/nvim/init.lua:0
060.233  000.001  000.001: sourcing nvim_exec2() called at /Users/victor.alvarez/code/dotfiles/nvim/.config/nvim/init.lua:0
060.246  000.002  000.002: sourcing nvim_exec2() called at /Users/victor.alvarez/code/dotfiles/nvim/.config/nvim/init.lua:0
060.276  000.002  000.002: sourcing nvim_exec2() called at /Users/victor.alvarez/code/dotfiles/nvim/.config/nvim/init.lua:0
060.280  000.001  000.001: sourcing nvim_exec2() called at /Users/victor.alvarez/code/dotfiles/nvim/.config/nvim/init.lua:0
060.284  000.001  000.001: sourcing nvim_exec2() called at /Users/victor.alvarez/code/dotfiles/nvim/.config/nvim/init.lua:0
060.288  000.001  000.001: sourcing nvim_exec2() called at /Users/victor.alvarez/code/dotfiles/nvim/.config/nvim/init.lua:0
060.291  000.001  000.001: sourcing nvim_exec2() called at /Users/victor.alvarez/code/dotfiles/nvim/.config/nvim/init.lua:0
060.295  000.001  000.001: sourcing nvim_exec2() called at /Users/victor.alvarez/code/dotfiles/nvim/.config/nvim/init.lua:0
060.571  000.007  000.007: sourcing nvim_exec2() called at /Users/victor.alvarez/code/dotfiles/nvim/.config/nvim/init.lua:0
060.575  000.002  000.002: sourcing nvim_exec2() called at /Users/victor.alvarez/code/dotfiles/nvim/.config/nvim/init.lua:0
060.578  000.001  000.001: sourcing nvim_exec2() called at /Users/victor.alvarez/code/dotfiles/nvim/.config/nvim/init.lua:0
060.581  000.001  000.001: sourcing nvim_exec2() called at /Users/victor.alvarez/code/dotfiles/nvim/.config/nvim/init.lua:0
061.427  000.002  000.002: sourcing nvim_exec2() called at /Users/victor.alvarez/code/dotfiles/nvim/.config/nvim/init.lua:0
061.431  000.001  000.001: sourcing nvim_exec2() called at /Users/victor.alvarez/code/dotfiles/nvim/.config/nvim/init.lua:0
061.435  000.001  000.001: sourcing nvim_exec2() called at /Users/victor.alvarez/code/dotfiles/nvim/.config/nvim/init.lua:0
061.438  000.001  000.001: sourcing nvim_exec2() called at /Users/victor.alvarez/code/dotfiles/nvim/.config/nvim/init.lua:0
061.453  000.001  000.001: sourcing nvim_exec2() called at /Users/victor.alvarez/code/dotfiles/nvim/.config/nvim/init.lua:0
061.457  000.001  000.001: sourcing nvim_exec2() called at /Users/victor.alvarez/code/dotfiles/nvim/.config/nvim/init.lua:0
061.460  000.001  000.001: sourcing nvim_exec2() called at /Users/victor.alvarez/code/dotfiles/nvim/.config/nvim/init.lua:0
061.465  000.001  000.001: sourcing nvim_exec2() called at /Users/victor.alvarez/code/dotfiles/nvim/.config/nvim/init.lua:0
061.469  000.001  000.001: sourcing nvim_exec2() called at /Users/victor.alvarez/code/dotfiles/nvim/.config/nvim/init.lua:0
061.493  000.002  000.002: sourcing nvim_exec2() called at /Users/victor.alvarez/code/dotfiles/nvim/.config/nvim/init.lua:0
061.497  000.001  000.001: sourcing nvim_exec2() called at /Users/victor.alvarez/code/dotfiles/nvim/.config/nvim/init.lua:0
061.500  000.001  000.001: sourcing nvim_exec2() called at /Users/victor.alvarez/code/dotfiles/nvim/.config/nvim/init.lua:0
061.503  000.001  000.001: sourcing nvim_exec2() called at /Users/victor.alvarez/code/dotfiles/nvim/.config/nvim/init.lua:0
061.507  000.001  000.001: sourcing nvim_exec2() called at /Users/victor.alvarez/code/dotfiles/nvim/.config/nvim/init.lua:0
061.511  000.001  000.001: sourcing nvim_exec2() called at /Users/victor.alvarez/code/dotfiles/nvim/.config/nvim/init.lua:0
061.514  000.001  000.001: sourcing nvim_exec2() called at /Users/victor.alvarez/code/dotfiles/nvim/.config/nvim/init.lua:0
061.517  000.001  000.001: sourcing nvim_exec2() called at /Users/victor.alvarez/code/dotfiles/nvim/.config/nvim/init.lua:0
061.520  000.001  000.001: sourcing nvim_exec2() called at /Users/victor.alvarez/code/dotfiles/nvim/.config/nvim/init.lua:0
061.523  000.001  000.001: sourcing nvim_exec2() called at /Users/victor.alvarez/code/dotfiles/nvim/.config/nvim/init.lua:0
061.526  000.001  000.001: sourcing nvim_exec2() called at /Users/victor.alvarez/code/dotfiles/nvim/.config/nvim/init.lua:0
061.557  000.001  000.001: sourcing nvim_exec2() called at /Users/victor.alvarez/code/dotfiles/nvim/.config/nvim/init.lua:0
061.561  000.001  000.001: sourcing nvim_exec2() called at /Users/victor.alvarez/code/dotfiles/nvim/.config/nvim/init.lua:0
061.564  000.001  000.001: sourcing nvim_exec2() called at /Users/victor.alvarez/code/dotfiles/nvim/.config/nvim/init.lua:0
061.567  000.001  000.001: sourcing nvim_exec2() called at /Users/victor.alvarez/code/dotfiles/nvim/.config/nvim/init.lua:0
061.570  000.001  000.001: sourcing nvim_exec2() called at /Users/victor.alvarez/code/dotfiles/nvim/.config/nvim/init.lua:0
061.573  000.001  000.001: sourcing nvim_exec2() called at /Users/victor.alvarez/code/dotfiles/nvim/.config/nvim/init.lua:0
061.576  000.001  000.001: sourcing nvim_exec2() called at /Users/victor.alvarez/code/dotfiles/nvim/.config/nvim/init.lua:0
061.580  000.002  000.002: sourcing nvim_exec2() called at /Users/victor.alvarez/code/dotfiles/nvim/.config/nvim/init.lua:0
062.428  000.355  000.355: require('lualine.utils.mode')
062.474  000.005  000.005: sourcing nvim_exec2() called at /Users/victor.alvarez/code/dotfiles/nvim/.config/nvim/init.lua:0
062.491  000.002  000.002: sourcing nvim_exec2() called at /Users/victor.alvarez/code/dotfiles/nvim/.config/nvim/init.lua:0
062.505  000.012  000.012: sourcing nvim_exec2() called at /Users/victor.alvarez/code/dotfiles/nvim/.config/nvim/init.lua:0
062.510  000.003  000.003: sourcing nvim_exec2() called at /Users/victor.alvarez/code/dotfiles/nvim/.config/nvim/init.lua:0
062.514  000.002  000.002: sourcing nvim_exec2() called at /Users/victor.alvarez/code/dotfiles/nvim/.config/nvim/init.lua:0
063.053  000.057  000.057: sourcing /Users/victor.alvarez/.local/share/nvim/lazy/vim-obsession/plugin/obsession.vim
063.061  000.270  000.213: sourcing nvim_exec2() called at /Users/victor.alvarez/code/dotfiles/nvim/.config/nvim/init.lua:0
063.066  000.001  000.001: sourcing nvim_exec2() called at /Users/victor.alvarez/code/dotfiles/nvim/.config/nvim/init.lua:0
063.099  000.001  000.001: sourcing nvim_exec2() called at /Users/victor.alvarez/code/dotfiles/nvim/.config/nvim/init.lua:0
063.523  000.001  000.001: sourcing nvim_exec2() called at /Users/victor.alvarez/code/dotfiles/nvim/.config/nvim/init.lua:0
063.560  000.001  000.001: sourcing nvim_exec2() called at /Users/victor.alvarez/code/dotfiles/nvim/.config/nvim/init.lua:0
064.105  000.542  000.542: require('lint')
064.732  000.003  000.003: require('vim.F')
064.784  000.392  000.389: require('vim.diagnostic')
065.066  000.280  000.280: require('lint.parser')
065.068  000.962  000.289: require('lint.linters.luacheck')
065.726  000.225  000.225: sourcing /Users/victor.alvarez/.local/share/nvim/lazy/conform.nvim/plugin/conform.lua
065.731  000.408  000.183: sourcing nvim_exec2() called at /Users/victor.alvarez/code/dotfiles/nvim/.config/nvim/init.lua:0
065.764  000.001  000.001: sourcing nvim_exec2() called at /Users/victor.alvarez/code/dotfiles/nvim/.config/nvim/init.lua:0
065.798  000.001  000.001: sourcing nvim_exec2() called at /Users/victor.alvarez/code/dotfiles/nvim/.config/nvim/init.lua:0
066.423  000.587  000.587: require('conform')
066.466  000.001  000.001: sourcing nvim_exec2() called at /Users/victor.alvarez/code/dotfiles/nvim/.config/nvim/init.lua:0
066.502  000.001  000.001: sourcing nvim_exec2() called at /Users/victor.alvarez/code/dotfiles/nvim/.config/nvim/init.lua:0
069.381  000.434  000.434: require('nvim-autopairs._log')
069.697  000.316  000.316: require('nvim-autopairs.utils')
070.780  000.349  000.349: require('nvim-autopairs.conds')
070.782  000.775  000.426: require('nvim-autopairs.rule')
070.784  001.086  000.311: require('nvim-autopairs.rules.basic')
070.788  004.280  002.444: require('nvim-autopairs')
071.529  000.001  000.001: sourcing nvim_exec2() called at /Users/victor.alvarez/code/dotfiles/nvim/.config/nvim/init.lua:0
071.542  000.001  000.001: sourcing nvim_exec2() called at /Users/victor.alvarez/code/dotfiles/nvim/.config/nvim/init.lua:0
071.804  000.001  000.001: sourcing nvim_exec2() called at /Users/victor.alvarez/code/dotfiles/nvim/.config/nvim/init.lua:0
071.810  000.001  000.001: sourcing nvim_exec2() called at /Users/victor.alvarez/code/dotfiles/nvim/.config/nvim/init.lua:0
072.576  000.311  000.311: sourcing /Users/victor.alvarez/.local/share/nvim/lazy/telescope.nvim/plugin/telescope.lua
072.582  000.518  000.207: sourcing nvim_exec2() called at /Users/victor.alvarez/code/dotfiles/nvim/.config/nvim/init.lua:0
072.586  000.001  000.001: sourcing nvim_exec2() called at /Users/victor.alvarez/code/dotfiles/nvim/.config/nvim/init.lua:0
072.592  000.001  000.001: sourcing nvim_exec2() called at /Users/victor.alvarez/code/dotfiles/nvim/.config/nvim/init.lua:0
074.026  000.264  000.264: require('telescope.state')
074.601  000.284  000.284: require('plenary.strings')
074.891  000.289  000.289: require('telescope.deprecated')
075.781  000.315  000.315: require('plenary.log')
075.816  000.618  000.303: require('telescope.log')
076.140  000.323  000.323: require('telescope.utils')
076.144  001.253  000.312: require('telescope.sorters')
077.168  003.141  001.315: require('telescope.config')
077.170  003.701  000.297: require('telescope.actions.state')
077.627  000.456  000.456: require('telescope-live-grep-args.helpers')
077.628  004.457  000.300: require('telescope-live-grep-args.actions.quote_prompt')
077.629  005.029  000.572: require('telescope-live-grep-args.actions')
078.403  000.392  000.392: require('telescope._extensions')
078.406  000.760  000.368: require('telescope')
080.456  000.865  000.865: require('fzf_lib')
080.459  001.427  000.562: require('telescope._extensions.fzf')
081.150  000.348  000.348: require('telescope-live-grep-args.prompt_parser')
083.427  000.493  000.493: require('plenary.tbl')
083.432  000.831  000.338: require('plenary.vararg.rotate')
083.433  001.182  000.351: require('plenary.vararg')
083.749  000.315  000.315: require('plenary.errors')
083.753  001.829  000.331: require('plenary.async.async')
085.161  000.412  000.412: require('plenary.async.structs')
085.175  000.789  000.377: require('plenary.async.control')
085.183  001.115  000.326: require('plenary.async.util')
085.190  001.436  000.321: require('plenary.async.tests')
085.191  003.607  000.343: require('plenary.async')
085.923  000.359  000.359: require('plenary.window.border')
086.202  000.278  000.278: require('plenary.window')
086.478  000.276  000.276: require('plenary.popup.utils')
086.480  001.288  000.375: require('plenary.popup')
087.150  000.296  000.296: require('telescope.pickers.scroller')
087.599  000.447  000.447: require('telescope.actions.utils')
088.267  000.339  000.339: require('telescope.actions.mt')
088.275  000.675  000.337: require('telescope.actions.set')
088.929  000.335  000.335: require('telescope.config.resolve')
088.930  000.654  000.319: require('telescope.pickers.entry_display')
089.225  000.294  000.294: require('telescope.from_entry')
089.348  002.868  000.501: require('telescope.actions')
089.721  000.372  000.372: require('telescope.debounce')
090.078  000.356  000.356: require('telescope.mappings')
090.389  000.310  000.310: require('telescope.pickers.highlights')
090.727  000.337  000.337: require('telescope.pickers.window')
091.348  000.315  000.315: require('telescope.algos.linked_list')
091.350  000.622  000.307: require('telescope.entry_manager')
091.643  000.292  000.292: require('telescope.pickers.multi')
091.650  010.499  000.447: require('telescope.pickers')
091.951  000.300  000.300: require('telescope.themes')
092.587  000.338  000.338: require('telescope.make_entry')
092.914  000.326  000.326: require('telescope.finders.async_static_finder')
093.873  000.308  000.308: require('plenary.class')
093.894  000.655  000.347: require('telescope._')
093.895  000.981  000.325: require('telescope.finders.async_oneshot_finder')
094.204  000.307  000.307: require('telescope.finders.async_job_finder')
094.206  002.253  000.301: require('telescope.finders')
094.207  013.743  000.343: require('telescope._extensions.live_grep_args')
094.950  000.265  000.265: sourcing /Users/victor.alvarez/.local/share/nvim/lazy/which-key.nvim/plugin/which-key.lua
094.979  000.502  000.237: sourcing nvim_exec2() called at /Users/victor.alvarez/code/dotfiles/nvim/.config/nvim/init.lua:0
094.985  000.002  000.002: sourcing nvim_exec2() called at /Users/victor.alvarez/code/dotfiles/nvim/.config/nvim/init.lua:0
094.991  000.001  000.001: sourcing nvim_exec2() called at /Users/victor.alvarez/code/dotfiles/nvim/.config/nvim/init.lua:0
095.589  000.548  000.548: require('which-key')
095.897  000.307  000.307: require('which-key.config')
096.495  000.123  000.123: sourcing /Users/victor.alvarez/.local/share/nvim/lazy/vim-move/plugin/move.vim
096.504  000.328  000.205: sourcing nvim_exec2() called at /Users/victor.alvarez/code/dotfiles/nvim/.config/nvim/init.lua:0
096.508  000.001  000.001: sourcing nvim_exec2() called at /Users/victor.alvarez/code/dotfiles/nvim/.config/nvim/init.lua:0
096.515  000.001  000.001: sourcing nvim_exec2() called at /Users/victor.alvarez/code/dotfiles/nvim/.config/nvim/init.lua:0
096.824  000.001  000.001: sourcing nvim_exec2() called at /Users/victor.alvarez/code/dotfiles/nvim/.config/nvim/init.lua:0
096.829  000.001  000.001: sourcing nvim_exec2() called at /Users/victor.alvarez/code/dotfiles/nvim/.config/nvim/init.lua:0
097.779  000.318  000.318: require('neoscroll.config')
098.066  000.287  000.287: require('neoscroll.window')
098.349  000.282  000.282: require('neoscroll.logic')
098.646  000.296  000.296: require('neoscroll.scroll')
098.660  001.790  000.608: require('neoscroll')
098.692  000.003  000.003: sourcing nvim_exec2() called at /Users/victor.alvarez/code/dotfiles/nvim/.config/nvim/init.lua:0
098.695  000.002  000.002: sourcing nvim_exec2() called at /Users/victor.alvarez/code/dotfiles/nvim/.config/nvim/init.lua:0
098.698  000.001  000.001: sourcing nvim_exec2() called at /Users/victor.alvarez/code/dotfiles/nvim/.config/nvim/init.lua:0
098.700  000.001  000.001: sourcing nvim_exec2() called at /Users/victor.alvarez/code/dotfiles/nvim/.config/nvim/init.lua:0
098.702  000.001  000.001: sourcing nvim_exec2() called at /Users/victor.alvarez/code/dotfiles/nvim/.config/nvim/init.lua:0
098.704  000.001  000.001: sourcing nvim_exec2() called at /Users/victor.alvarez/code/dotfiles/nvim/.config/nvim/init.lua:0
098.706  000.001  000.001: sourcing nvim_exec2() called at /Users/victor.alvarez/code/dotfiles/nvim/.config/nvim/init.lua:0
099.041  000.001  000.001: sourcing nvim_exec2() called at /Users/victor.alvarez/code/dotfiles/nvim/.config/nvim/init.lua:0
099.045  000.001  000.001: sourcing nvim_exec2() called at /Users/victor.alvarez/code/dotfiles/nvim/.config/nvim/init.lua:0
099.361  000.001  000.001: sourcing nvim_exec2() called at /Users/victor.alvarez/code/dotfiles/nvim/.config/nvim/init.lua:0
099.389  000.001  000.001: sourcing nvim_exec2() called at /Users/victor.alvarez/code/dotfiles/nvim/.config/nvim/init.lua:0
099.655  000.001  000.001: sourcing nvim_exec2() called at /Users/victor.alvarez/code/dotfiles/nvim/.config/nvim/init.lua:0
099.659  000.001  000.001: sourcing nvim_exec2() called at /Users/victor.alvarez/code/dotfiles/nvim/.config/nvim/init.lua:0
099.966  000.001  000.001: sourcing nvim_exec2() called at /Users/victor.alvarez/code/dotfiles/nvim/.config/nvim/init.lua:0
099.970  000.000  000.000: sourcing nvim_exec2() called at /Users/victor.alvarez/code/dotfiles/nvim/.config/nvim/init.lua:0
100.255  000.001  000.001: sourcing nvim_exec2() called at /Users/victor.alvarez/code/dotfiles/nvim/.config/nvim/init.lua:0
100.259  000.000  000.000: sourcing nvim_exec2() called at /Users/victor.alvarez/code/dotfiles/nvim/.config/nvim/init.lua:0
100.553  000.001  000.001: sourcing nvim_exec2() called at /Users/victor.alvarez/code/dotfiles/nvim/.config/nvim/init.lua:0
100.557  000.000  000.000: sourcing nvim_exec2() called at /Users/victor.alvarez/code/dotfiles/nvim/.config/nvim/init.lua:0
100.913  000.001  000.001: sourcing nvim_exec2() called at /Users/victor.alvarez/code/dotfiles/nvim/.config/nvim/init.lua:0
100.917  000.000  000.000: sourcing nvim_exec2() called at /Users/victor.alvarez/code/dotfiles/nvim/.config/nvim/init.lua:0
101.504  000.001  000.001: sourcing nvim_exec2() called at /Users/victor.alvarez/code/dotfiles/nvim/.config/nvim/init.lua:0
101.508  000.000  000.000: sourcing nvim_exec2() called at /Users/victor.alvarez/code/dotfiles/nvim/.config/nvim/init.lua:0
102.980  000.642  000.642: require('vim.filetype')
104.246  000.288  000.288: require('luasnip.util.types')
104.248  000.586  000.299: require('luasnip.util.ext_opts')
105.156  000.300  000.300: require('luasnip.util.lazy_table')
105.458  000.300  000.300: require('luasnip.extras.filetype_functions')
105.465  000.918  000.318: require('luasnip.default_config')
105.466  001.218  000.300: require('luasnip.session')
105.467  002.455  000.651: require('luasnip.config')
105.479  003.412  000.314: sourcing /Users/victor.alvarez/.local/share/nvim/lazy/LuaSnip/plugin/luasnip.lua
105.484  003.682  000.271: sourcing nvim_exec2() called at /Users/victor.alvarez/code/dotfiles/nvim/.config/nvim/init.lua:0
105.716  000.014  000.014: sourcing /Users/victor.alvarez/.local/share/nvim/lazy/LuaSnip/plugin/luasnip.vim
105.722  000.235  000.221: sourcing nvim_exec2() called at /Users/victor.alvarez/code/dotfiles/nvim/.config/nvim/init.lua:0
105.726  000.001  000.001: sourcing nvim_exec2() called at /Users/victor.alvarez/code/dotfiles/nvim/.config/nvim/init.lua:0
105.735  000.001  000.001: sourcing nvim_exec2() called at /Users/victor.alvarez/code/dotfiles/nvim/.config/nvim/init.lua:0
106.984  000.319  000.319: require('vim.version')
107.608  001.249  000.930: require('luasnip.util.vimversion')
107.612  001.555  000.306: require('luasnip.util.util')
108.334  000.374  000.374: require('luasnip.util.path')
108.991  000.328  000.328: require('luasnip.session.snippet_collection.source')
109.294  000.303  000.303: require('luasnip.util.table')
109.603  000.308  000.308: require('luasnip.util.auto_table')
109.609  001.274  000.335: require('luasnip.session.snippet_collection')
110.155  000.545  000.545: require('luasnip.util.log')
110.160  002.548  000.354: require('luasnip.loaders.util')
110.518  000.356  000.356: require('luasnip.loaders.fs_watchers')
110.822  000.303  000.303: require('luasnip.loaders.data')
111.136  000.313  000.313: require('luasnip.session.enqueueable_operations')
112.874  000.332  000.332: require('luasnip.util.str')
113.181  000.305  000.305: require('luasnip.nodes.key_indexer')
113.504  000.322  000.322: require('luasnip.util.feedkeys')
113.852  000.347  000.347: require('luasnip.nodes.util.snippet_string')
113.857  001.666  000.360: require('luasnip.nodes.util')
114.184  000.325  000.325: require('luasnip.util.events')
114.496  000.311  000.311: require('luasnip.nodes.optional_arg')
114.508  002.689  000.386: require('luasnip.nodes.node')
115.184  000.301  000.301: require('luasnip.util.extend_decorator')
115.193  000.684  000.382: require('luasnip.nodes.insertNode')
115.520  000.327  000.327: require('luasnip.nodes.textNode')
115.835  000.315  000.315: require('luasnip.util.mark')
117.030  000.468  000.468: require('luasnip.util.select')
117.942  000.911  000.911: require('luasnip.util.time')
118.345  002.174  000.794: require('luasnip.util._builtin_vars')
118.455  002.619  000.445: require('luasnip.util.environ')
118.902  000.446  000.446: require('luasnip.util.pattern_tokenizer')
119.388  000.485  000.485: require('luasnip.util.dict')
120.660  000.941  000.941: require('luasnip.util.jsregexp')
120.663  001.274  000.333: require('luasnip.nodes.util.trig_engines')
120.688  009.228  000.390: require('luasnip.nodes.snippet')
121.693  000.358  000.358: require('luasnip.util.parser.neovim_ast')
122.193  000.497  000.497: require('luasnip.util.jsregexp')
122.676  000.483  000.483: require('luasnip.util.directed_graph')
122.680  001.673  000.335: require('luasnip.util.parser.ast_utils')
123.026  000.344  000.344: require('luasnip.nodes.functionNode')
123.361  000.334  000.334: require('luasnip.nodes.choiceNode')
123.817  000.455  000.455: require('luasnip.nodes.dynamicNode')
124.188  000.370  000.370: require('luasnip.util.functions')
124.210  003.522  000.345: require('luasnip.util.parser.ast_parser')
124.781  000.570  000.570: require('luasnip.util.parser.neovim_parser')
124.788  013.651  000.332: require('luasnip.util.parser')
125.175  000.385  000.385: require('luasnip.nodes.snippetProxy')
125.729  000.546  000.546: require('luasnip.util.jsonc')
126.388  000.314  000.314: require('luasnip.nodes.duplicate')
126.392  000.661  000.348: require('luasnip.loaders.snippet_cache')
126.405  020.669  000.350: require('luasnip.loaders.from_vscode')
130.060  000.382  000.382: require('luasnip.nodes.multiSnippet')
132.007  000.302  000.302: require('cmp.utils.api')
132.624  000.310  000.310: require('cmp.types.cmp')
133.273  000.323  000.323: require('cmp.utils.misc')
133.279  000.654  000.331: require('cmp.types.lsp')
133.646  000.366  000.366: require('cmp.types.vim')
133.647  001.640  000.310: require('cmp.types')
133.993  000.345  000.345: require('cmp.utils.highlight')
134.589  000.297  000.297: require('cmp.utils.debug')
134.593  000.599  000.301: require('cmp.utils.autocmd')
134.811  000.005  000.005: sourcing nvim_exec2() called at /Users/victor.alvarez/.local/share/nvim/lazy/nvim-cmp/plugin/cmp.lua:0
134.813  003.403  000.513: sourcing /Users/victor.alvarez/.local/share/nvim/lazy/nvim-cmp/plugin/cmp.lua
134.820  003.630  000.227: sourcing nvim_exec2() called at /Users/victor.alvarez/code/dotfiles/nvim/.config/nvim/init.lua:0
134.824  000.001  000.001: sourcing nvim_exec2() called at /Users/victor.alvarez/code/dotfiles/nvim/.config/nvim/init.lua:0
134.830  000.001  000.001: sourcing nvim_exec2() called at /Users/victor.alvarez/code/dotfiles/nvim/.config/nvim/init.lua:0
136.120  000.324  000.324: require('cmp.utils.char')
136.124  000.635  000.311: require('cmp.utils.str')
137.061  000.292  000.292: require('cmp.utils.buffer')
137.065  000.621  000.329: require('cmp.utils.keymap')
137.067  000.942  000.320: require('cmp.utils.feedkeys')
137.974  000.306  000.306: require('cmp.config.mapping')
138.268  000.293  000.293: require('cmp.utils.cache')
138.895  000.300  000.300: require('cmp.config.compare')
139.189  000.294  000.294: require('cmp.config.window')
139.190  000.920  000.326: require('cmp.config.default')
139.199  001.829  000.310: require('cmp.config')
139.204  002.137  000.307: require('cmp.utils.async')
139.801  000.292  000.292: require('cmp.utils.pattern')
139.803  000.598  000.307: require('cmp.context')
140.831  000.362  000.362: require('cmp.utils.snippet')
141.122  000.290  000.290: require('cmp.matcher')
141.274  001.163  000.511: require('cmp.entry')
141.278  001.474  000.311: require('cmp.source')
141.881  000.297  000.297: require('cmp.utils.event')
142.801  000.283  000.283: require('cmp.utils.options')
142.803  000.621  000.338: require('cmp.utils.window')
142.804  000.923  000.302: require('cmp.view.docs_view')
143.132  000.327  000.327: require('cmp.view.custom_entries_view')
143.469  000.337  000.337: require('cmp.view.wildmenu_entries_view')
143.782  000.312  000.312: require('cmp.view.native_entries_view')
144.105  000.323  000.323: require('cmp.view.ghost_text_view')
144.109  002.831  000.312: require('cmp.view')
144.356  009.185  000.568: require('cmp.core')
144.718  000.312  000.312: require('cmp.config.sources')
144.762  009.907  000.410: require('cmp')
145.422  000.320  000.320: require('luasnip.loaders')
145.433  000.670  000.351: require('luasnip')
146.065  000.323  000.323: require('nvim-autopairs.completion.handlers')
146.067  000.633  000.310: require('nvim-autopairs.completion.cmp')
146.627  000.001  000.001: sourcing nvim_exec2() called at /Users/victor.alvarez/code/dotfiles/nvim/.config/nvim/init.lua:0
147.025  000.010  000.010: sourcing /Users/victor.alvarez/.local/share/nvim/lazy/vim-tmux/ftdetect/tmux.vim
147.030  000.215  000.206: sourcing nvim_exec2() called at /Users/victor.alvarez/code/dotfiles/nvim/.config/nvim/init.lua:0
147.035  000.001  000.001: sourcing nvim_exec2() called at /Users/victor.alvarez/code/dotfiles/nvim/.config/nvim/init.lua:0
147.403  000.001  000.001: sourcing nvim_exec2() called at /Users/victor.alvarez/code/dotfiles/nvim/.config/nvim/init.lua:0
147.408  000.001  000.001: sourcing nvim_exec2() called at /Users/victor.alvarez/code/dotfiles/nvim/.config/nvim/init.lua:0
148.416  000.317  000.317: require('bufferline.lazy')
148.763  000.345  000.345: require('bufferline.commands')
149.119  000.354  000.354: require('bufferline.config')
149.122  001.712  000.697: require('bufferline')
149.998  000.451  000.451: require('bufferline.utils')
149.999  000.841  000.390: require('bufferline.groups')
150.512  000.462  000.462: require('bufferline.constants')
150.901  000.387  000.387: require('bufferline.colors')
151.408  000.460  000.460: require('bufferline.highlights')
152.619  000.839  000.839: require('bufferline.hover')
153.034  000.394  000.394: require('bufferline.ui')
153.598  000.011  000.011: sourcing /Users/victor.alvarez/.local/share/nvim/lazy/zen-mode.nvim/plugin/zen-mode.vim
153.604  000.250  000.238: sourcing nvim_exec2() called at /Users/victor.alvarez/code/dotfiles/nvim/.config/nvim/init.lua:0
153.609  000.001  000.001: sourcing nvim_exec2() called at /Users/victor.alvarez/code/dotfiles/nvim/.config/nvim/init.lua:0
153.643  000.001  000.001: sourcing nvim_exec2() called at /Users/victor.alvarez/code/dotfiles/nvim/.config/nvim/init.lua:0
155.227  000.410  000.410: require('zen-mode.util')
155.229  000.833  000.422: require('zen-mode.config')
155.941  000.347  000.347: require('zen-mode.plugins')
155.944  000.714  000.367: require('zen-mode.view')
155.945  002.261  000.715: require('zen-mode')
156.019  000.004  000.004: sourcing nvim_exec2() called at /Users/victor.alvarez/code/dotfiles/nvim/.config/nvim/init.lua:0
156.024  000.002  000.002: sourcing nvim_exec2() called at /Users/victor.alvarez/code/dotfiles/nvim/.config/nvim/init.lua:0
156.065  000.001  000.001: sourcing nvim_exec2() called at /Users/victor.alvarez/code/dotfiles/nvim/.config/nvim/init.lua:0
156.070  000.001  000.001: sourcing nvim_exec2() called at /Users/victor.alvarez/code/dotfiles/nvim/.config/nvim/init.lua:0
158.361  000.344  000.344: require('hbac.state')
158.362  000.737  000.393: require('hbac.command.actions')
158.729  000.366  000.366: require('hbac.command.config')
158.731  001.468  000.365: require('hbac.command.subcommands')
158.732  001.922  000.454: require('hbac.command')
160.088  000.341  000.341: require('hbac.config')
160.089  000.651  000.311: require('hbac.utils')
160.091  000.996  000.345: require('hbac.autocommands')
160.092  001.359  000.363: require('hbac.setup')
160.093  003.964  000.683: require('hbac')
160.132  000.001  000.001: sourcing nvim_exec2() called at /Users/victor.alvarez/code/dotfiles/nvim/.config/nvim/init.lua:0
160.139  000.001  000.001: sourcing nvim_exec2() called at /Users/victor.alvarez/code/dotfiles/nvim/.config/nvim/init.lua:0
160.831  000.649  000.649: require('nvim-surround')
161.220  000.388  000.388: require('nvim-surround.config')
161.555  000.334  000.334: require('nvim-surround.input')
162.117  000.349  000.349: require('nvim-surround.buffer')
162.679  000.082  000.082: sourcing /Users/victor.alvarez/.local/share/nvim/lazy/vim-tmux-navigator/plugin/tmux_navigator.vim
162.688  000.311  000.229: sourcing nvim_exec2() called at /Users/victor.alvarez/code/dotfiles/nvim/.config/nvim/init.lua:0
162.691  000.001  000.001: sourcing nvim_exec2() called at /Users/victor.alvarez/code/dotfiles/nvim/.config/nvim/init.lua:0
162.697  000.001  000.001: sourcing nvim_exec2() called at /Users/victor.alvarez/code/dotfiles/nvim/.config/nvim/init.lua:0
163.701  000.286  000.286: sourcing /Users/victor.alvarez/code/nvim-macos-arm64/share/nvim/runtime/plugin/editorconfig.lua
163.706  000.513  000.227: sourcing nvim_exec2() called at /Users/victor.alvarez/code/dotfiles/nvim/.config/nvim/init.lua:0
164.024  000.079  000.079: sourcing /Users/victor.alvarez/code/nvim-macos-arm64/share/nvim/runtime/plugin/gzip.vim
164.030  000.292  000.213: sourcing nvim_exec2() called at /Users/victor.alvarez/code/dotfiles/nvim/.config/nvim/init.lua:0
164.537  000.300  000.300: sourcing /Users/victor.alvarez/code/nvim-macos-arm64/share/nvim/runtime/plugin/man.lua
164.553  000.518  000.218: sourcing nvim_exec2() called at /Users/victor.alvarez/code/dotfiles/nvim/.config/nvim/init.lua:0
165.956  000.120  000.120: sourcing /Users/victor.alvarez/code/nvim-macos-arm64/share/nvim/runtime/pack/dist/opt/matchit/plugin/matchit.vim
165.970  001.179  001.058: sourcing /Users/victor.alvarez/code/nvim-macos-arm64/share/nvim/runtime/plugin/matchit.vim
165.973  001.418  000.240: sourcing nvim_exec2() called at /Users/victor.alvarez/code/dotfiles/nvim/.config/nvim/init.lua:0
166.309  000.075  000.075: sourcing /Users/victor.alvarez/code/nvim-macos-arm64/share/nvim/runtime/plugin/matchparen.vim
166.313  000.337  000.262: sourcing nvim_exec2() called at /Users/victor.alvarez/code/dotfiles/nvim/.config/nvim/init.lua:0
167.858  000.127  000.127: sourcing /Users/victor.alvarez/code/nvim-macos-arm64/share/nvim/runtime/pack/dist/opt/netrw/plugin/netrwPlugin.vim
167.872  001.255  001.128: sourcing /Users/victor.alvarez/code/nvim-macos-arm64/share/nvim/runtime/plugin/netrwPlugin.vim
167.876  001.559  000.304: sourcing nvim_exec2() called at /Users/victor.alvarez/code/dotfiles/nvim/.config/nvim/init.lua:0
168.404  000.291  000.291: sourcing /Users/victor.alvarez/code/nvim-macos-arm64/share/nvim/runtime/plugin/osc52.lua
168.408  000.530  000.240: sourcing nvim_exec2() called at /Users/victor.alvarez/code/dotfiles/nvim/.config/nvim/init.lua:0
168.756  000.087  000.087: sourcing /Users/victor.alvarez/code/nvim-macos-arm64/share/nvim/runtime/plugin/rplugin.vim
168.762  000.351  000.264: sourcing nvim_exec2() called at /Users/victor.alvarez/code/dotfiles/nvim/.config/nvim/init.lua:0
169.032  000.034  000.034: sourcing /Users/victor.alvarez/code/nvim-macos-arm64/share/nvim/runtime/plugin/shada.vim
169.037  000.271  000.238: sourcing nvim_exec2() called at /Users/victor.alvarez/code/dotfiles/nvim/.config/nvim/init.lua:0
169.283  000.010  000.010: sourcing /Users/victor.alvarez/code/nvim-macos-arm64/share/nvim/runtime/plugin/spellfile.vim
169.289  000.249  000.240: sourcing nvim_exec2() called at /Users/victor.alvarez/code/dotfiles/nvim/.config/nvim/init.lua:0
169.595  000.045  000.045: sourcing /Users/victor.alvarez/code/nvim-macos-arm64/share/nvim/runtime/plugin/tarPlugin.vim
169.601  000.310  000.265: sourcing nvim_exec2() called at /Users/victor.alvarez/code/dotfiles/nvim/.config/nvim/init.lua:0
170.149  000.301  000.301: sourcing /Users/victor.alvarez/code/nvim-macos-arm64/share/nvim/runtime/plugin/tohtml.lua
170.153  000.550  000.249: sourcing nvim_exec2() called at /Users/victor.alvarez/code/dotfiles/nvim/.config/nvim/init.lua:0
170.422  000.011  000.011: sourcing /Users/victor.alvarez/code/nvim-macos-arm64/share/nvim/runtime/plugin/tutor.vim
170.428  000.270  000.259: sourcing nvim_exec2() called at /Users/victor.alvarez/code/dotfiles/nvim/.config/nvim/init.lua:0
170.725  000.066  000.066: sourcing /Users/victor.alvarez/code/nvim-macos-arm64/share/nvim/runtime/plugin/zipPlugin.vim
170.731  000.299  000.233: sourcing nvim_exec2() called at /Users/victor.alvarez/code/dotfiles/nvim/.config/nvim/init.lua:0
173.443  001.096  001.096: require('vim.lsp.protocol')
173.458  001.538  000.442: require('vim.lsp.util')
173.461  001.875  000.337: require('cmp_luasnip')
173.488  002.200  000.325: sourcing /Users/victor.alvarez/.local/share/nvim/lazy/cmp_luasnip/after/plugin/cmp_luasnip.lua
173.498  002.437  000.237: sourcing nvim_exec2() called at /Users/victor.alvarez/code/dotfiles/nvim/.config/nvim/init.lua:0
174.660  000.356  000.356: require('cmp_path')
174.673  000.681  000.325: sourcing /Users/victor.alvarez/.local/share/nvim/lazy/cmp-path/after/plugin/cmp_path.lua
174.684  000.927  000.247: sourcing nvim_exec2() called at /Users/victor.alvarez/code/dotfiles/nvim/.config/nvim/init.lua:0
175.762  000.324  000.324: require('cmp_emoji')
175.775  000.651  000.327: sourcing /Users/victor.alvarez/.local/share/nvim/lazy/cmp-emoji/after/plugin/cmp_emoji.lua
175.781  000.882  000.232: sourcing nvim_exec2() called at /Users/victor.alvarez/code/dotfiles/nvim/.config/nvim/init.lua:0
176.899  000.374  000.374: require('cmp_nvim_lua')
176.913  000.711  000.336: sourcing /Users/victor.alvarez/.local/share/nvim/lazy/cmp-nvim-lua/after/plugin/cmp_nvim_lua.lua
176.921  000.942  000.231: sourcing nvim_exec2() called at /Users/victor.alvarez/code/dotfiles/nvim/.config/nvim/init.lua:0
178.559  000.443  000.443: require('cmp_nvim_lsp.source')
178.561  000.850  000.407: require('cmp_nvim_lsp')
178.566  001.210  000.359: sourcing /Users/victor.alvarez/.local/share/nvim/lazy/cmp-nvim-lsp/after/plugin/cmp_nvim_lsp.lua
178.570  001.435  000.225: sourcing nvim_exec2() called at /Users/victor.alvarez/code/dotfiles/nvim/.config/nvim/init.lua:0
179.878  000.453  000.453: require('cmp_cmdline')
179.892  000.835  000.382: sourcing /Users/victor.alvarez/.local/share/nvim/lazy/cmp-cmdline/after/plugin/cmp_cmdline.lua
179.897  001.103  000.268: sourcing nvim_exec2() called at /Users/victor.alvarez/code/dotfiles/nvim/.config/nvim/init.lua:0
182.543  000.420  000.420: require('cmp_buffer.timer')
182.546  000.924  000.504: require('cmp_buffer.buffer')
182.548  001.351  000.427: require('cmp_buffer.source')
182.549  001.802  000.450: require('cmp_buffer')
182.560  002.176  000.374: sourcing /Users/victor.alvarez/.local/share/nvim/lazy/cmp-buffer/after/plugin/cmp_buffer.lua
182.564  002.454  000.277: sourcing nvim_exec2() called at /Users/victor.alvarez/code/dotfiles/nvim/.config/nvim/init.lua:0
183.179  000.587  000.587: require('autocmd')
183.180  175.761  045.664: sourcing /Users/victor.alvarez/.config/nvim/init.lua
183.191  001.320: sourcing vimrc file(s)
184.863  000.734  000.734: sourcing /Users/victor.alvarez/code/nvim-macos-arm64/share/nvim/runtime/filetype.lua
185.673  000.036  000.036: sourcing /Users/victor.alvarez/code/nvim-macos-arm64/share/nvim/runtime/syntax/synload.vim
185.725  000.488  000.453: sourcing /Users/victor.alvarez/code/nvim-macos-arm64/share/nvim/runtime/syntax/syntax.vim
185.737  001.324: inits 3
187.727  001.990: reading ShaDa
188.437  000.610  000.610: require('luasnip.loaders.from_lua')
188.998  000.558  000.558: require('luasnip.loaders.from_snipmate')
189.099  000.204: opening buffers
189.658  000.467  000.467: require('bufferline.state')
189.701  000.135: BufEnter autocommands
189.703  000.002: editing files in windows
189.956  000.253: VimEnter autocommands
190.587  000.461  000.461: require('vim.termcap')
190.610  000.015  000.015: require('vim.text')
190.625  000.192: UIEnter autocommands
190.625  000.001: before starting main loop
191.778  000.543  000.543: require('bufferline.pick')
192.249  000.469  000.469: require('bufferline.duplicates')
192.745  000.004  000.004: sourcing nvim_exec2()
192.751  000.501  000.498: require('bufferline.diagnostics')
193.214  000.463  000.463: require('bufferline.models')
193.216  002.493  000.517: require('bufferline.buffers')
194.337  000.637  000.637: require('nvim-web-devicons.filetypes')
195.402  000.601  000.601: require('nvim-web-devicons.default.icons_by_filename')
196.220  000.818  000.818: require('nvim-web-devicons.default.icons_by_file_extension')
196.688  000.467  000.467: require('nvim-web-devicons.default.icons_by_operating_system')
197.116  000.427  000.427: require('nvim-web-devicons.default.icons_by_desktop_environment')
197.535  000.418  000.418: require('nvim-web-devicons.default.icons_by_window_manager')
197.536  003.177  000.446: require('nvim-web-devicons.icons-default')
197.671  004.431  000.616: require('nvim-web-devicons')
199.835  000.471  000.471: require('bufferline.numbers')
200.355  000.449  000.449: require('bufferline.sorters')
201.026  000.644  000.644: require('bufferline.tabpages')
201.549  000.501  000.501: require('bufferline.offset')
202.002  000.451  000.451: require('bufferline.custom_area')
202.619  000.587  000.587: require('vim.iter')
202.895  002.244: first screen update
202.896  000.001: --- NVIM STARTED ---

